Using pre-set license
Built from '2020.3/staging' branch; Version is '2020.3.9f1 (108be757e447) revision 1084391'; Using compiler version '192528614'; Build Type 'Release'
OS: 'Windows 10 Pro; OS build 19043.928; Version 2009; 64bit' Language: 'en' Physical Memory: 16332 MB
BatchMode: 1, IsHumanControllingUs: 0, StartBugReporterOnCrash: 0, Is64bit: 1, IsPro: 0

 COMMAND LINE ARGUMENTS:
C:\Program Files\Unity proyects\2020.3.9f1\Editor\Unity.exe
-adb2
-batchMode
-noUpm
-name
AssetImportWorker0
-projectPath
C:/Users/juand/Documents/GitHub/Demo  - Unity Kinect/Unity-Kinect-Demo
-logFile
Logs/AssetImportWorker0.log
-srvPort
52148
Successfully changed project path to: C:/Users/juand/Documents/GitHub/Demo  - Unity Kinect/Unity-Kinect-Demo
C:/Users/juand/Documents/GitHub/Demo  - Unity Kinect/Unity-Kinect-Demo
Using Asset Import Pipeline V2.
Refreshing native plugins compatible for Editor in 23.18 ms, found 0 plugins.
Preloading 0 native plugins for Editor in 0.00 ms.
Initialize engine version: 2020.3.9f1 (108be757e447)
[Subsystems] Discovering subsystems at path C:/Program Files/Unity proyects/2020.3.9f1/Editor/Data/Resources/UnitySubsystems
[Subsystems] Discovering subsystems at path C:/Users/juand/Documents/GitHub/Demo  - Unity Kinect/Unity-Kinect-Demo/Assets
GfxDevice: creating device client; threaded=0
Direct3D:
    Version:  Direct3D 11.0 [level 11.1]
    Renderer: NVIDIA GeForce GTX 1050 Ti (ID=0x1c82)
    Vendor:   
    VRAM:     4018 MB
    Driver:   27.21.14.5671
Initialize mono
Mono path[0] = 'C:/Program Files/Unity proyects/2020.3.9f1/Editor/Data/Managed'
Mono path[1] = 'C:/Program Files/Unity proyects/2020.3.9f1/Editor/Data/MonoBleedingEdge/lib/mono/unityjit'
Mono config path = 'C:/Program Files/Unity proyects/2020.3.9f1/Editor/Data/MonoBleedingEdge/etc'
Using monoOptions --debugger-agent=transport=dt_socket,embedding=1,server=y,suspend=n,address=127.0.0.1:56680
Begin MonoManager ReloadAssembly
Registering precompiled unity dll's ...
Register platform support module: C:/Program Files/Unity proyects/2020.3.9f1/Editor/Data/PlaybackEngines/WindowsStandaloneSupport/UnityEditor.WindowsStandalone.Extensions.dll
Registered in 0.001918 seconds.
Native extension for WindowsStandalone target not found
Refreshing native plugins compatible for Editor in 24.21 ms, found 0 plugins.
Preloading 0 native plugins for Editor in 0.00 ms.
Mono: successfully reloaded assembly
- Completed reload, in  0.950 seconds
Platform modules already initialized, skipping
Registering precompiled user dll's ...
Registered in 0.000866 seconds.
Begin MonoManager ReloadAssembly
Native extension for WindowsStandalone target not found
Refreshing native plugins compatible for Editor in 0.29 ms, found 0 plugins.
Preloading 0 native plugins for Editor in 0.00 ms.
Mono: successfully reloaded assembly
- Completed reload, in  0.764 seconds
Platform modules already initialized, skipping
========================================================================
Worker process is ready to serve import requests
Launched and connected shader compiler UnityShaderCompiler.exe after 0.04 seconds
Refreshing native plugins compatible for Editor in 0.42 ms, found 0 plugins.
Preloading 0 native plugins for Editor in 0.00 ms.
Unloading 1167 Unused Serialized files (Serialized files now loaded: 0)
System memory in use before: 60.4 MB.
System memory in use after: 60.5 MB.

Unloading 10 unused Assets to reduce memory usage. Loaded Objects now: 1610.
Total: 1.899800 ms (FindLiveObjects: 0.190400 ms CreateObjectMapping: 0.033700 ms MarkObjects: 1.579000 ms  DeleteObjects: 0.095300 ms)

========================================================================
Received Import Request.
  path: Assets/Scenes/Demo2.unity
  artifactKey: Guid(2f357c92b674adc489d3d76cc68754d5) Importer(815301076,1909f56bfc062723c751e8b465ee728b)
Start importing Assets/Scenes/Demo2.unity using Guid(2f357c92b674adc489d3d76cc68754d5) Importer(815301076,1909f56bfc062723c751e8b465ee728b)  -> (artifact id: '289c19c45d1341ea9cbd4fd0d1eb0a0b') in 0.017803 seconds
  Import took 0.020066 seconds .

========================================================================
Received Import Request.
  Time since last request: 0.000259 seconds.
  path: Assets/Scenes/SampleScene.unity
  artifactKey: Guid(9fc0d4010bbf28b4594072e72b8655ab) Importer(815301076,1909f56bfc062723c751e8b465ee728b)
Start importing Assets/Scenes/SampleScene.unity using Guid(9fc0d4010bbf28b4594072e72b8655ab) Importer(815301076,1909f56bfc062723c751e8b465ee728b)  -> (artifact id: '98f16ef0c8c863d0141eb1bd527df8e3') in 0.010687 seconds
  Import took 0.013225 seconds .

========================================================================
Received Import Request.
  Time since last request: 0.109300 seconds.
  path: Assets/Scenes/DemoScene.unity
  artifactKey: Guid(54ac0130d9ccbc44480613eb43c7c808) Importer(815301076,1909f56bfc062723c751e8b465ee728b)
Start importing Assets/Scenes/DemoScene.unity using Guid(54ac0130d9ccbc44480613eb43c7c808) Importer(815301076,1909f56bfc062723c751e8b465ee728b)  -> (artifact id: '6282a8bdd37f152aff667cd101c87aad') in 0.009813 seconds
  Import took 0.012068 seconds .

========================================================================
Received Prepare
Registering precompiled user dll's ...
Registered in 0.000996 seconds.
Begin MonoManager ReloadAssembly
Native extension for WindowsStandalone target not found
Refreshing native plugins compatible for Editor in 0.31 ms, found 0 plugins.
Preloading 0 native plugins for Editor in 0.00 ms.
Mono: successfully reloaded assembly
- Completed reload, in  0.731 seconds
Platform modules already initialized, skipping
Refreshing native plugins compatible for Editor in 0.29 ms, found 0 plugins.
Preloading 0 native plugins for Editor in 0.00 ms.
Unloading 1149 Unused Serialized files (Serialized files now loaded: 0)
System memory in use before: 59.1 MB.
System memory in use after: 59.2 MB.

Unloading 5 unused Assets to reduce memory usage. Loaded Objects now: 1613.
Total: 1.710500 ms (FindLiveObjects: 0.219000 ms CreateObjectMapping: 0.032100 ms MarkObjects: 1.394300 ms  DeleteObjects: 0.063900 ms)

========================================================================
Received Import Request.
  Time since last request: 20.096880 seconds.
  path: Assets/Scenes/Kinect Demo Scene.unity
  artifactKey: Guid(2f357c92b674adc489d3d76cc68754d5) Importer(815301076,1909f56bfc062723c751e8b465ee728b)
Start importing Assets/Scenes/Kinect Demo Scene.unity using Guid(2f357c92b674adc489d3d76cc68754d5) Importer(815301076,1909f56bfc062723c751e8b465ee728b)  -> (artifact id: 'dd4e78427251f3faca90fa348a5fa963') in 0.019644 seconds
  Import took 0.022922 seconds .

========================================================================
Received Prepare
Registering precompiled user dll's ...
Registered in 0.000690 seconds.
Begin MonoManager ReloadAssembly
Native extension for WindowsStandalone target not found
Refreshing native plugins compatible for Editor in 0.76 ms, found 0 plugins.
Preloading 0 native plugins for Editor in 0.00 ms.
Mono: successfully reloaded assembly
- Completed reload, in  0.755 seconds
Platform modules already initialized, skipping
Refreshing native plugins compatible for Editor in 0.30 ms, found 0 plugins.
Preloading 0 native plugins for Editor in 0.00 ms.
Unloading 1149 Unused Serialized files (Serialized files now loaded: 0)
System memory in use before: 59.1 MB.
System memory in use after: 59.2 MB.

Unloading 5 unused Assets to reduce memory usage. Loaded Objects now: 1616.
Total: 1.946100 ms (FindLiveObjects: 0.185000 ms CreateObjectMapping: 0.037800 ms MarkObjects: 1.639600 ms  DeleteObjects: 0.081500 ms)

========================================================================
Received Import Request.
  Time since last request: 15.987647 seconds.
  path: Assets/Scenes/Mood Demo Scene.unity
  artifactKey: Guid(54ac0130d9ccbc44480613eb43c7c808) Importer(815301076,1909f56bfc062723c751e8b465ee728b)
Start importing Assets/Scenes/Mood Demo Scene.unity using Guid(54ac0130d9ccbc44480613eb43c7c808) Importer(815301076,1909f56bfc062723c751e8b465ee728b)  -> (artifact id: '4f3ba63d0506870a8e709a38d84d0d40') in 0.019741 seconds
  Import took 0.022372 seconds .

========================================================================
Received Import Request.
  Time since last request: 5.987322 seconds.
  path: Assets/Scenes/SampleScene.unity
  artifactKey: Guid(9fc0d4010bbf28b4594072e72b8655ab) Importer(815301076,1909f56bfc062723c751e8b465ee728b)
Start importing Assets/Scenes/SampleScene.unity using Guid(9fc0d4010bbf28b4594072e72b8655ab) Importer(815301076,1909f56bfc062723c751e8b465ee728b)  -> (artifact id: 'c797fff9a92e55838bf1ce04c4be9fcc') in 0.002972 seconds
  Import took 0.005401 seconds .

========================================================================
Received Import Request.
  Time since last request: 82.270388 seconds.
  path: Assets/Scripts
  artifactKey: Guid(729ac9cd501330f448b6f39f47ba11cf) Importer(815301076,1909f56bfc062723c751e8b465ee728b)
Start importing Assets/Scripts using Guid(729ac9cd501330f448b6f39f47ba11cf) Importer(815301076,1909f56bfc062723c751e8b465ee728b)  -> (artifact id: 'c5165251f44732712f456a4ecd5dc16c') in 0.008093 seconds
  Import took 0.010462 seconds .

========================================================================
Received Import Request.
  Time since last request: 1.502327 seconds.
  path: Assets/Scripts/UIManager.cs
  artifactKey: Guid(438079cb681964549b5874913505f428) Importer(815301076,1909f56bfc062723c751e8b465ee728b)
Start importing Assets/Scripts/UIManager.cs using Guid(438079cb681964549b5874913505f428) Importer(815301076,1909f56bfc062723c751e8b465ee728b)  -> (artifact id: '7d7fdaaac7a916bf61fafbbfc2ecbb69') in 0.031280 seconds
  Import took 0.033567 seconds .

========================================================================
Received Import Request.
  Time since last request: 0.270115 seconds.
  path: Assets/Scripts/PersonalitySetter.cs
  artifactKey: Guid(576aeb77ab6d88a4da846813d3156b00) Importer(815301076,1909f56bfc062723c751e8b465ee728b)
Start importing Assets/Scripts/PersonalitySetter.cs using Guid(576aeb77ab6d88a4da846813d3156b00) Importer(815301076,1909f56bfc062723c751e8b465ee728b)  -> (artifact id: '45da9bebe887794e1e090d6dae61ad8c') in 0.009341 seconds
  Import took 0.011768 seconds .

========================================================================
Received Import Request.
  Time since last request: 0.379646 seconds.
  path: Assets/Scripts/Cube.cs
  artifactKey: Guid(2e9d61755042af64ca5159e8be92e9b8) Importer(815301076,1909f56bfc062723c751e8b465ee728b)
Start importing Assets/Scripts/Cube.cs using Guid(2e9d61755042af64ca5159e8be92e9b8) Importer(815301076,1909f56bfc062723c751e8b465ee728b)  -> (artifact id: '0a3bab5de87951f7172d7ed5750a20aa') in 0.007961 seconds
  Import took 0.010409 seconds .

========================================================================
Received Import Request.
  Time since last request: 0.369466 seconds.
  path: Assets/Scripts/AnimatorOverrider.cs
  artifactKey: Guid(da58294487be26d4da14b0511277c4b6) Importer(815301076,1909f56bfc062723c751e8b465ee728b)
Start importing Assets/Scripts/AnimatorOverrider.cs using Guid(da58294487be26d4da14b0511277c4b6) Importer(815301076,1909f56bfc062723c751e8b465ee728b)  -> (artifact id: '0f3211e62ad40cb3f923e90541288181') in 0.011028 seconds
  Import took 0.013486 seconds .

========================================================================
Received Import Request.
  Time since last request: 1.099355 seconds.
  path: Assets/Scripts/animationContainer.cs
  artifactKey: Guid(38e0680ae9cb89044bcfa039f26abced) Importer(815301076,1909f56bfc062723c751e8b465ee728b)
Start importing Assets/Scripts/animationContainer.cs using Guid(38e0680ae9cb89044bcfa039f26abced) Importer(815301076,1909f56bfc062723c751e8b465ee728b)  -> (artifact id: '069c2176569defaa350b0738dd832413') in 0.009650 seconds
  Import took 0.012462 seconds .

========================================================================
Received Prepare
Registering precompiled user dll's ...
Registered in 0.001014 seconds.
Begin MonoManager ReloadAssembly
Native extension for WindowsStandalone target not found
Refreshing native plugins compatible for Editor in 0.29 ms, found 0 plugins.
Preloading 0 native plugins for Editor in 0.00 ms.
Mono: successfully reloaded assembly
- Completed reload, in  0.818 seconds
Platform modules already initialized, skipping
Refreshing native plugins compatible for Editor in 0.28 ms, found 0 plugins.
Preloading 0 native plugins for Editor in 0.00 ms.
Unloading 1151 Unused Serialized files (Serialized files now loaded: 0)
System memory in use before: 59.2 MB.
System memory in use after: 59.3 MB.

Unloading 5 unused Assets to reduce memory usage. Loaded Objects now: 1621.
Total: 1.871700 ms (FindLiveObjects: 0.176600 ms CreateObjectMapping: 0.031500 ms MarkObjects: 1.490600 ms  DeleteObjects: 0.171400 ms)

========================================================================
Received Prepare
Registering precompiled user dll's ...
Registered in 0.000724 seconds.
Begin MonoManager ReloadAssembly
Native extension for WindowsStandalone target not found
Refreshing native plugins compatible for Editor in 0.28 ms, found 0 plugins.
Preloading 0 native plugins for Editor in 0.00 ms.
Mono: successfully reloaded assembly
- Completed reload, in  0.803 seconds
Platform modules already initialized, skipping
Refreshing native plugins compatible for Editor in 0.31 ms, found 0 plugins.
Preloading 0 native plugins for Editor in 0.00 ms.
Unloading 1151 Unused Serialized files (Serialized files now loaded: 0)
System memory in use before: 59.2 MB.
System memory in use after: 59.3 MB.

Unloading 5 unused Assets to reduce memory usage. Loaded Objects now: 1624.
Total: 1.954600 ms (FindLiveObjects: 0.258500 ms CreateObjectMapping: 0.053000 ms MarkObjects: 1.565700 ms  DeleteObjects: 0.075300 ms)

========================================================================
Received Import Request.
  Time since last request: 723.386667 seconds.
  path: Assets/Scripts/Mood Demo
  artifactKey: Guid(e149715dea9f86c40b5b73dd39511e85) Importer(815301076,1909f56bfc062723c751e8b465ee728b)
Start importing Assets/Scripts/Mood Demo using Guid(e149715dea9f86c40b5b73dd39511e85) Importer(815301076,1909f56bfc062723c751e8b465ee728b)  -> (artifact id: '2ffbcdc117c7cd23dc7f6c15ead7006e') in 0.011268 seconds
  Import took 0.013593 seconds .

========================================================================
Received Import Request.
  Time since last request: 0.263505 seconds.
  path: Assets/Scripts/res
  artifactKey: Guid(bce4bfe768462a545bb16cffa4cd9043) Importer(815301076,1909f56bfc062723c751e8b465ee728b)
Start importing Assets/Scripts/res using Guid(bce4bfe768462a545bb16cffa4cd9043) Importer(815301076,1909f56bfc062723c751e8b465ee728b)  -> (artifact id: 'ff7da34a6b7da944e0e1d23a6369be3e') in 0.009531 seconds
  Import took 0.011957 seconds .

========================================================================
Received Import Request.
  Time since last request: 0.414693 seconds.
  path: Assets/Scripts/Kinect Demo
  artifactKey: Guid(e570f71c30b89e2499bc6bde6f3e8e1a) Importer(815301076,1909f56bfc062723c751e8b465ee728b)
Start importing Assets/Scripts/Kinect Demo using Guid(e570f71c30b89e2499bc6bde6f3e8e1a) Importer(815301076,1909f56bfc062723c751e8b465ee728b)  -> (artifact id: 'c30274df6b240b3e2e42290d050c5b99') in 0.008701 seconds
  Import took 0.011144 seconds .

========================================================================
Received Import Request.
  Time since last request: 65.340716 seconds.
  path: Assets/Scripts/Kinect Demo/AnimatorOverrider.cs
  artifactKey: Guid(da58294487be26d4da14b0511277c4b6) Importer(815301076,1909f56bfc062723c751e8b465ee728b)
Start importing Assets/Scripts/Kinect Demo/AnimatorOverrider.cs using Guid(da58294487be26d4da14b0511277c4b6) Importer(815301076,1909f56bfc062723c751e8b465ee728b)  -> (artifact id: '680e2d6831247fdba29391cb22e040fb') in 0.025073 seconds
  Import took 0.032508 seconds .

========================================================================
Received Prepare
Registering precompiled user dll's ...
Registered in 0.001594 seconds.
Begin MonoManager ReloadAssembly
Native extension for WindowsStandalone target not found
Refreshing native plugins compatible for Editor in 0.29 ms, found 0 plugins.
Preloading 0 native plugins for Editor in 0.00 ms.
Mono: successfully reloaded assembly
- Completed reload, in  0.980 seconds
Platform modules already initialized, skipping
Refreshing native plugins compatible for Editor in 0.34 ms, found 0 plugins.
Preloading 0 native plugins for Editor in 0.00 ms.
Unloading 1151 Unused Serialized files (Serialized files now loaded: 0)
System memory in use before: 59.2 MB.
System memory in use after: 59.3 MB.

Unloading 5 unused Assets to reduce memory usage. Loaded Objects now: 1627.
Total: 1.774900 ms (FindLiveObjects: 0.166400 ms CreateObjectMapping: 0.036600 ms MarkObjects: 1.510000 ms  DeleteObjects: 0.060800 ms)

========================================================================
Received Prepare
Registering precompiled user dll's ...
Registered in 0.001062 seconds.
Begin MonoManager ReloadAssembly
Native extension for WindowsStandalone target not found
Refreshing native plugins compatible for Editor in 0.34 ms, found 0 plugins.
Preloading 0 native plugins for Editor in 0.00 ms.
Mono: successfully reloaded assembly
- Completed reload, in  0.787 seconds
Platform modules already initialized, skipping
Refreshing native plugins compatible for Editor in 0.32 ms, found 0 plugins.
Preloading 0 native plugins for Editor in 0.00 ms.
Unloading 1151 Unused Serialized files (Serialized files now loaded: 0)
System memory in use before: 59.2 MB.
System memory in use after: 59.3 MB.

Unloading 5 unused Assets to reduce memory usage. Loaded Objects now: 1630.
Total: 2.316400 ms (FindLiveObjects: 0.187900 ms CreateObjectMapping: 0.033100 ms MarkObjects: 1.986200 ms  DeleteObjects: 0.106900 ms)

AssetImportWorkerClient::OnTransportError - code=2 error=End of file
