Using pre-set license
Built from '2020.3/staging' branch; Version is '2020.3.9f1 (108be757e447) revision 1084391'; Using compiler version '192528614'; Build Type 'Release'
OS: 'Windows 10 Pro; OS build 19043.928; Version 2009; 64bit' Language: 'en' Physical Memory: 16332 MB
BatchMode: 1, IsHumanControllingUs: 0, StartBugReporterOnCrash: 0, Is64bit: 1, IsPro: 0

 COMMAND LINE ARGUMENTS:
C:\Program Files\Unity proyects\2020.3.9f1\Editor\Unity.exe
-adb2
-batchMode
-noUpm
-name
AssetImportWorker0
-projectPath
C:/Users/juand/Documents/GitHub/Demo  - Unity Kinect/Unity-Kinect-Demo/Kinect Poryect
-logFile
Logs/AssetImportWorker0.log
-srvPort
54431
Successfully changed project path to: C:/Users/juand/Documents/GitHub/Demo  - Unity Kinect/Unity-Kinect-Demo/Kinect Poryect
C:/Users/juand/Documents/GitHub/Demo  - Unity Kinect/Unity-Kinect-Demo/Kinect Poryect
Using Asset Import Pipeline V2.
Refreshing native plugins compatible for Editor in 24.29 ms, found 0 plugins.
Preloading 0 native plugins for Editor in 0.00 ms.
Initialize engine version: 2020.3.9f1 (108be757e447)
[Subsystems] Discovering subsystems at path C:/Program Files/Unity proyects/2020.3.9f1/Editor/Data/Resources/UnitySubsystems
[Subsystems] Discovering subsystems at path C:/Users/juand/Documents/GitHub/Demo  - Unity Kinect/Unity-Kinect-Demo/Kinect Poryect/Assets
GfxDevice: creating device client; threaded=0
Direct3D:
    Version:  Direct3D 11.0 [level 11.1]
    Renderer: NVIDIA GeForce GTX 1050 Ti (ID=0x1c82)
    Vendor:   
    VRAM:     4018 MB
    Driver:   27.21.14.5671
Initialize mono
Mono path[0] = 'C:/Program Files/Unity proyects/2020.3.9f1/Editor/Data/Managed'
Mono path[1] = 'C:/Program Files/Unity proyects/2020.3.9f1/Editor/Data/MonoBleedingEdge/lib/mono/unityjit'
Mono config path = 'C:/Program Files/Unity proyects/2020.3.9f1/Editor/Data/MonoBleedingEdge/etc'
Using monoOptions --debugger-agent=transport=dt_socket,embedding=1,server=y,suspend=n,address=127.0.0.1:56932
Begin MonoManager ReloadAssembly
Registering precompiled unity dll's ...
Register platform support module: C:/Program Files/Unity proyects/2020.3.9f1/Editor/Data/PlaybackEngines/WindowsStandaloneSupport/UnityEditor.WindowsStandalone.Extensions.dll
Registered in 0.002302 seconds.
Native extension for WindowsStandalone target not found
Refreshing native plugins compatible for Editor in 26.89 ms, found 0 plugins.
Preloading 0 native plugins for Editor in 0.00 ms.
Mono: successfully reloaded assembly
- Completed reload, in  0.983 seconds
Platform modules already initialized, skipping
Registering precompiled user dll's ...
Registered in 0.000740 seconds.
Begin MonoManager ReloadAssembly
Native extension for WindowsStandalone target not found
Refreshing native plugins compatible for Editor in 0.34 ms, found 0 plugins.
Preloading 0 native plugins for Editor in 0.00 ms.
Mono: successfully reloaded assembly
- Completed reload, in  0.979 seconds
Platform modules already initialized, skipping
========================================================================
Worker process is ready to serve import requests
Launched and connected shader compiler UnityShaderCompiler.exe after 0.05 seconds
Refreshing native plugins compatible for Editor in 0.30 ms, found 0 plugins.
Preloading 0 native plugins for Editor in 0.00 ms.
Unloading 1169 Unused Serialized files (Serialized files now loaded: 0)
System memory in use before: 60.9 MB.
System memory in use after: 60.9 MB.

Unloading 10 unused Assets to reduce memory usage. Loaded Objects now: 1612.
Total: 2.456500 ms (FindLiveObjects: 0.226300 ms CreateObjectMapping: 0.036000 ms MarkObjects: 2.048700 ms  DeleteObjects: 0.144100 ms)

========================================================================
Received Import Request.
  path: Assets/Resources
  artifactKey: Guid(ac59e080318e1f443bf6e502c66e0777) Importer(815301076,1909f56bfc062723c751e8b465ee728b)
Start importing Assets/Resources using Guid(ac59e080318e1f443bf6e502c66e0777) Importer(815301076,1909f56bfc062723c751e8b465ee728b)  -> (artifact id: 'ebf88c734075388687ab3e073c4e21d4') in 0.011819 seconds
  Import took 0.014167 seconds .

========================================================================
Received Prepare
Registering precompiled user dll's ...
Registered in 0.001621 seconds.
Begin MonoManager ReloadAssembly
Native extension for WindowsStandalone target not found
Refreshing native plugins compatible for Editor in 0.32 ms, found 0 plugins.
Preloading 0 native plugins for Editor in 0.00 ms.
Mono: successfully reloaded assembly
- Completed reload, in  0.796 seconds
Platform modules already initialized, skipping
Refreshing native plugins compatible for Editor in 0.29 ms, found 0 plugins.
Preloading 0 native plugins for Editor in 0.00 ms.
Unloading 1151 Unused Serialized files (Serialized files now loaded: 0)
System memory in use before: 59.5 MB.
System memory in use after: 59.6 MB.

Unloading 5 unused Assets to reduce memory usage. Loaded Objects now: 1615.
Total: 2.198800 ms (FindLiveObjects: 0.241500 ms CreateObjectMapping: 0.033700 ms MarkObjects: 1.843700 ms  DeleteObjects: 0.077400 ms)

========================================================================
Received Import Request.
  Time since last request: 9479.178407 seconds.
  path: Assets/Scripts/Kinect Demo/AnimationStateMachine
  artifactKey: Guid(fb76085b7e75f9b48b657719b3e8721a) Importer(815301076,1909f56bfc062723c751e8b465ee728b)
Start importing Assets/Scripts/Kinect Demo/AnimationStateMachine using Guid(fb76085b7e75f9b48b657719b3e8721a) Importer(815301076,1909f56bfc062723c751e8b465ee728b)  -> (artifact id: 'e68ea6dab176a741971f1abcd5fd0384') in 0.050836 seconds
  Import took 0.085226 seconds .

========================================================================
Received Import Request.
  Time since last request: 17.378253 seconds.
  path: Assets/Scripts/Kinect Demo/AnimationStateMachine/AnimationStateMachine.cs
  artifactKey: Guid(bc1a169f8c254a449923146a045dd265) Importer(815301076,1909f56bfc062723c751e8b465ee728b)
Start importing Assets/Scripts/Kinect Demo/AnimationStateMachine/AnimationStateMachine.cs using Guid(bc1a169f8c254a449923146a045dd265) Importer(815301076,1909f56bfc062723c751e8b465ee728b)  -> (artifact id: '248df019b37140c63e7f04400ecd7fb4') in 0.099267 seconds
  Import took 0.101588 seconds .

========================================================================
Received Prepare
Registering precompiled user dll's ...
Registered in 0.000884 seconds.
Begin MonoManager ReloadAssembly
Native extension for WindowsStandalone target not found
Refreshing native plugins compatible for Editor in 0.64 ms, found 0 plugins.
Preloading 0 native plugins for Editor in 0.00 ms.
Mono: successfully reloaded assembly
- Completed reload, in  1.141 seconds
Platform modules already initialized, skipping
Refreshing native plugins compatible for Editor in 0.48 ms, found 0 plugins.
Preloading 0 native plugins for Editor in 0.00 ms.
Unloading 1152 Unused Serialized files (Serialized files now loaded: 0)
System memory in use before: 59.6 MB.
System memory in use after: 59.7 MB.

Unloading 5 unused Assets to reduce memory usage. Loaded Objects now: 1619.
Total: 4.386500 ms (FindLiveObjects: 0.414200 ms CreateObjectMapping: 0.052900 ms MarkObjects: 3.724900 ms  DeleteObjects: 0.191800 ms)

AssetImportWorkerClient::OnTransportError - code=2 error=End of file
