Using pre-set license
Built from '2020.3/staging' branch; Version is '2020.3.17f1 (a4537701e4ab) revision 10769271'; Using compiler version '192528614'; Build Type 'Release'
OS: 'Windows 10 Home; OS build 19043.1237; Version 2009; 64bit' Language: 'es' Physical Memory: 3662 MB
BatchMode: 1, IsHumanControllingUs: 0, StartBugReporterOnCrash: 0, Is64bit: 1, IsPro: 0

COMMAND LINE ARGUMENTS:
C:\Program Files\Unity\Hub\Editor\2020.3.17f1\Editor\Unity.exe
-adb2
-batchMode
-noUpm
-name
AssetImportWorker1
-projectPath
E:/bckup/Universidad/Unity/AgileTalk/Unity-Kinect-Demo/Kinect Project
-logFile
Logs/AssetImportWorker1.log
-srvPort
58986
Successfully changed project path to: E:/bckup/Universidad/Unity/AgileTalk/Unity-Kinect-Demo/Kinect Project
E:/bckup/Universidad/Unity/AgileTalk/Unity-Kinect-Demo/Kinect Project
Using Asset Import Pipeline V2.
Refreshing native plugins compatible for Editor in 87.60 ms, found 3 plugins.
Preloading 0 native plugins for Editor in 0.00 ms.
Initialize engine version: 2020.3.17f1 (a4537701e4ab)
[Subsystems] Discovering subsystems at path C:/Program Files/Unity/Hub/Editor/2020.3.17f1/Editor/Data/Resources/UnitySubsystems
[Subsystems] Discovering subsystems at path E:/bckup/Universidad/Unity/AgileTalk/Unity-Kinect-Demo/Kinect Project/Assets
GfxDevice: creating device client; threaded=0
Direct3D:
    Version:  Direct3D 11.0 [level 11.1]
    Renderer: Intel(R) HD Graphics 520 (ID=0x1916)
    Vendor:   
    VRAM:     1831 MB
    Driver:   27.20.100.8681
Initialize mono
Mono path[0] = 'C:/Program Files/Unity/Hub/Editor/2020.3.17f1/Editor/Data/Managed'
Mono path[1] = 'C:/Program Files/Unity/Hub/Editor/2020.3.17f1/Editor/Data/MonoBleedingEdge/lib/mono/unityjit'
Mono config path = 'C:/Program Files/Unity/Hub/Editor/2020.3.17f1/Editor/Data/MonoBleedingEdge/etc'
Using monoOptions --debugger-agent=transport=dt_socket,embedding=1,server=y,suspend=n,address=127.0.0.1:56128
Begin MonoManager ReloadAssembly
Registering precompiled unity dll's ...
Register platform support module: C:/Program Files/Unity/Hub/Editor/2020.3.17f1/Editor/Data/PlaybackEngines/WindowsStandaloneSupport/UnityEditor.WindowsStandalone.Extensions.dll
Registered in 0.003373 seconds.
Native extension for WindowsStandalone target not found
Refreshing native plugins compatible for Editor in 74.09 ms, found 3 plugins.
Preloading 0 native plugins for Editor in 0.00 ms.
Mono: successfully reloaded assembly
- Completed reload, in  2.187 seconds
Domain Reload Profiling:
	ReloadAssembly (2187ms)
		BeginReloadAssembly (110ms)
			ExecutionOrderSort (0ms)
			DisableScriptedObjects (0ms)
			BackupInstance (0ms)
			ReleaseScriptingObjects (0ms)
			CreateAndSetChildDomain (2ms)
		EndReloadAssembly (911ms)
			LoadAssemblies (105ms)
			RebuildTransferFunctionScriptingTraits (0ms)
			SetupTypeCache (290ms)
			ReleaseScriptCaches (0ms)
			RebuildScriptCaches (111ms)
			SetupLoadedEditorAssemblies (350ms)
				LogAssemblyErrors (0ms)
				InitializePlatformSupportModulesInManaged (8ms)
				SetLoadedEditorAssemblies (2ms)
				RefreshPlugins (74ms)
				BeforeProcessingInitializeOnLoad (23ms)
				ProcessInitializeOnLoadAttributes (166ms)
				ProcessInitializeOnLoadMethodAttributes (75ms)
				AfterProcessingInitializeOnLoad (0ms)
				EditorAssembliesLoaded (1ms)
			ExecutionOrderSort2 (0ms)
			AwakeInstancesAfterBackupRestoration (0ms)
Platform modules already initialized, skipping
Registering precompiled user dll's ...
Registered in 0.005932 seconds.
Begin MonoManager ReloadAssembly
Native extension for WindowsStandalone target not found
Refreshing native plugins compatible for Editor in 0.72 ms, found 3 plugins.
Preloading 0 native plugins for Editor in 0.00 ms.
Mono: successfully reloaded assembly
- Completed reload, in  4.522 seconds
Domain Reload Profiling:
	ReloadAssembly (4525ms)
		BeginReloadAssembly (441ms)
			ExecutionOrderSort (0ms)
			DisableScriptedObjects (7ms)
			BackupInstance (0ms)
			ReleaseScriptingObjects (1ms)
			CreateAndSetChildDomain (47ms)
		EndReloadAssembly (3940ms)
			LoadAssemblies (194ms)
			RebuildTransferFunctionScriptingTraits (0ms)
			SetupTypeCache (621ms)
			ReleaseScriptCaches (1ms)
			RebuildScriptCaches (83ms)
			SetupLoadedEditorAssemblies (2872ms)
				LogAssemblyErrors (0ms)
				InitializePlatformSupportModulesInManaged (11ms)
				SetLoadedEditorAssemblies (1ms)
				RefreshPlugins (1ms)
				BeforeProcessingInitializeOnLoad (170ms)
				ProcessInitializeOnLoadAttributes (2667ms)
				ProcessInitializeOnLoadMethodAttributes (8ms)
				AfterProcessingInitializeOnLoad (14ms)
				EditorAssembliesLoaded (1ms)
			ExecutionOrderSort2 (0ms)
			AwakeInstancesAfterBackupRestoration (14ms)
Platform modules already initialized, skipping
========================================================================
Worker process is ready to serve import requests
Launched and connected shader compiler UnityShaderCompiler.exe after 0.36 seconds
Refreshing native plugins compatible for Editor in 0.65 ms, found 3 plugins.
Preloading 0 native plugins for Editor in 0.00 ms.
Unloading 2090 Unused Serialized files (Serialized files now loaded: 0)
System memory in use before: 95.2 MB.
System memory in use after: 95.3 MB.

Unloading 22 unused Assets to reduce memory usage. Loaded Objects now: 2520.
Total: 5.505700 ms (FindLiveObjects: 0.292700 ms CreateObjectMapping: 0.167300 ms MarkObjects: 4.928500 ms  DeleteObjects: 0.115200 ms)

AssetImportParameters requested are different than current active one (requested -> active):
  custom:framework-win-MediaFoundation: 216162199b28c13a410421893ffa2e32 -> 
  custom:video-decoder-ogg-theora: a1e56fd34408186e4bbccfd4996cb3dc -> 
  custom:container-muxer-webm: aa71ff27fc2769a1b78a27578f13a17b -> 
  custom:container-demuxer-webm: 4f35f7cbe854078d1ac9338744f61a02 -> 
  custom:container-demuxer-ogg: 62fdf1f143b41e24485cea50d1cbac27 -> 
  custom:video-encoder-webm-vp8: eb34c28f22e8b96e1ab97ce403110664 -> 
  custom:video-decoder-webm-vp8: 9c59270c3fd7afecdb556c50c9e8de78 -> 
  custom:audio-decoder-ogg-vorbis: bf7c407c2cedff20999df2af8eb42d56 -> 
  custom:audio-encoder-webm-vorbis: bf7c407c2cedff20999df2af8eb42d56 -> 
========================================================================
Received Import Request.
  path: Assets/Scenes/ComposicionAnims.unity
  artifactKey: Guid(2f357c92b674adc489d3d76cc68754d5) Importer(815301076,1909f56bfc062723c751e8b465ee728b)
Start importing Assets/Scenes/ComposicionAnims.unity using Guid(2f357c92b674adc489d3d76cc68754d5) Importer(815301076,1909f56bfc062723c751e8b465ee728b)  -> (artifact id: '3939b9ba993b1ccb7c00b36f00d12ed5') in 0.058737 seconds 
  Import took 0.083267 seconds .

========================================================================
Received Prepare
Refreshing native plugins compatible for Editor in 5.53 ms, found 3 plugins.
Preloading 0 native plugins for Editor in 0.00 ms.
Unloading 15 Unused Serialized files (Serialized files now loaded: 0)
System memory in use before: 52.8 MB.
System memory in use after: 52.9 MB.

Unloading 15 unused Assets to reduce memory usage. Loaded Objects now: 2520.
Total: 5.818100 ms (FindLiveObjects: 0.575200 ms CreateObjectMapping: 0.343300 ms MarkObjects: 4.866900 ms  DeleteObjects: 0.030300 ms)

AssetImportParameters requested are different than current active one (requested -> active):
  custom:framework-win-MediaFoundation: 216162199b28c13a410421893ffa2e32 -> 
  custom:video-decoder-ogg-theora: a1e56fd34408186e4bbccfd4996cb3dc -> 
  custom:container-muxer-webm: aa71ff27fc2769a1b78a27578f13a17b -> 
  custom:container-demuxer-webm: 4f35f7cbe854078d1ac9338744f61a02 -> 
  custom:container-demuxer-ogg: 62fdf1f143b41e24485cea50d1cbac27 -> 
  custom:video-encoder-webm-vp8: eb34c28f22e8b96e1ab97ce403110664 -> 
  custom:video-decoder-webm-vp8: 9c59270c3fd7afecdb556c50c9e8de78 -> 
  custom:audio-decoder-ogg-vorbis: bf7c407c2cedff20999df2af8eb42d56 -> 
  custom:audio-encoder-webm-vorbis: bf7c407c2cedff20999df2af8eb42d56 -> 
========================================================================
Received Import Request.
  Time since last request: 1795.479187 seconds.
  path: Assets/HumanoidAnims/xbot@Defeated.fbx
  artifactKey: Guid(6ab322681f298924eb01292b21f2bb0f) Importer(815301076,1909f56bfc062723c751e8b465ee728b)
Start importing Assets/HumanoidAnims/xbot@Defeated.fbx using Guid(6ab322681f298924eb01292b21f2bb0f) Importer(815301076,1909f56bfc062723c751e8b465ee728b)  -> (artifact id: 'e3ed05478bd89b81c3e8cb5332e453ea') in 1.439553 seconds 
  Import took 1.709099 seconds .

========================================================================
Received Import Request.
  Time since last request: 0.019236 seconds.
  path: Assets/HumanoidAnims/xbot@Defeated.fbx
  artifactKey: Guid(6ab322681f298924eb01292b21f2bb0f) Importer(815301076,1909f56bfc062723c751e8b465ee728b)
Start importing Assets/HumanoidAnims/xbot@Defeated.fbx using Guid(6ab322681f298924eb01292b21f2bb0f) Importer(815301076,1909f56bfc062723c751e8b465ee728b)  -> (artifact id: 'e3ed05478bd89b81c3e8cb5332e453ea') in 0.246981 seconds 
  Import took 0.282473 seconds .

========================================================================
Received Import Request.
  Time since last request: 9.363441 seconds.
  path: Assets/HumanoidAnims/Defeated.anim
  artifactKey: Guid(fe4e5a21371d7d3438f6cd4e0072028f) Importer(815301076,1909f56bfc062723c751e8b465ee728b)
Start importing Assets/HumanoidAnims/Defeated.anim using Guid(fe4e5a21371d7d3438f6cd4e0072028f) Importer(815301076,1909f56bfc062723c751e8b465ee728b)  -> (artifact id: '441411597098bbeafccfa0e998303652') in 0.088136 seconds 
  Import took 0.115978 seconds .

========================================================================
Received Import Request.
  Time since last request: 88.748354 seconds.
  path: Assets/ScrumTalk/Imported Models/Modern People/Models/Girls/Models/AvatarSTGirl002.asset
  artifactKey: Guid(ad4b839d7a2277f40a9dcb0b126281f9) Importer(815301076,1909f56bfc062723c751e8b465ee728b)
Start importing Assets/ScrumTalk/Imported Models/Modern People/Models/Girls/Models/AvatarSTGirl002.asset using Guid(ad4b839d7a2277f40a9dcb0b126281f9) Importer(815301076,1909f56bfc062723c751e8b465ee728b)  -> (artifact id: 'a207175781c658f1515f67646c8a74b8') in 0.091579 seconds 
  Import took 0.107026 seconds .

========================================================================
Received Import Request.
  Time since last request: 0.001084 seconds.
  path: Assets/ScrumTalk/Imported Models/Modern People/Models/Girls/Models/Girl001.fbx
  artifactKey: Guid(f56133b862d284d4eb3b56701cdc0eb1) Importer(815301076,1909f56bfc062723c751e8b465ee728b)
Start importing Assets/ScrumTalk/Imported Models/Modern People/Models/Girls/Models/Girl001.fbx using Guid(f56133b862d284d4eb3b56701cdc0eb1) Importer(815301076,1909f56bfc062723c751e8b465ee728b)  -> (artifact id: '586800e3fa7d8613f2cf4c2b00e9e6dd') in 0.488788 seconds 
  Import took 0.521060 seconds .

========================================================================
Received Import Request.
  Time since last request: 0.000278 seconds.
  path: Assets/ScrumTalk/Imported Models/Modern People/Models/Girls/Models/AvatarSTGirl002.asset
  artifactKey: Guid(ad4b839d7a2277f40a9dcb0b126281f9) Importer(815301076,1909f56bfc062723c751e8b465ee728b)
Start importing Assets/ScrumTalk/Imported Models/Modern People/Models/Girls/Models/AvatarSTGirl002.asset using Guid(ad4b839d7a2277f40a9dcb0b126281f9) Importer(815301076,1909f56bfc062723c751e8b465ee728b)  -> (artifact id: 'a207175781c658f1515f67646c8a74b8') in 0.010507 seconds 
  Import took 0.021433 seconds .

========================================================================
Received Import Request.
  Time since last request: 1.675197 seconds.
  path: Assets/ScrumTalk/Imported Models/Modern People/Models/Girls/Models/Girl002Avatar.asset
  artifactKey: Guid(172a8e68229016e4aba6250a2da452ad) Importer(815301076,1909f56bfc062723c751e8b465ee728b)
Start importing Assets/ScrumTalk/Imported Models/Modern People/Models/Girls/Models/Girl002Avatar.asset using Guid(172a8e68229016e4aba6250a2da452ad) Importer(815301076,1909f56bfc062723c751e8b465ee728b)  -> (artifact id: '17cbe870c60f8236e6cf8277e4cb4547') in 0.085214 seconds 
  Import took 0.106325 seconds .

========================================================================
Received Import Request.
  Time since last request: 0.000506 seconds.
  path: Assets/ScrumTalk/Imported Models/Modern People/Models/Girls/Models/Girl002.fbx
  artifactKey: Guid(c6f8c9073ef24164a8aa5aa83da66973) Importer(815301076,1909f56bfc062723c751e8b465ee728b)
Start importing Assets/ScrumTalk/Imported Models/Modern People/Models/Girls/Models/Girl002.fbx using Guid(c6f8c9073ef24164a8aa5aa83da66973) Importer(815301076,1909f56bfc062723c751e8b465ee728b)  -> (artifact id: 'e6f2af4856915d0025a8d661d814f71c') in 0.868930 seconds 
  Import took 0.882152 seconds .

========================================================================
Received Import Request.
  Time since last request: 13.409587 seconds.
  path: Assets/ScrumTalk/Imported Models/Modern People/Models/Girls/Models/Girl003.fbx
  artifactKey: Guid(a1491db58269c204bbdb7af95b8fbeb8) Importer(815301076,1909f56bfc062723c751e8b465ee728b)
Start importing Assets/ScrumTalk/Imported Models/Modern People/Models/Girls/Models/Girl003.fbx using Guid(a1491db58269c204bbdb7af95b8fbeb8) Importer(815301076,1909f56bfc062723c751e8b465ee728b)  -> (artifact id: 'be819343c873ac4728f48adf8a404510') in 0.341058 seconds 
  Import took 0.364687 seconds .

========================================================================
Received Import Request.
  Time since last request: 8.241147 seconds.
  path: Assets/ScrumTalk/Imported Models/Modern People/Models/Girls/Models/Girl008.fbx
  artifactKey: Guid(8f4a1b5c53146a04e856c7f917275398) Importer(815301076,1909f56bfc062723c751e8b465ee728b)
Start importing Assets/ScrumTalk/Imported Models/Modern People/Models/Girls/Models/Girl008.fbx using Guid(8f4a1b5c53146a04e856c7f917275398) Importer(815301076,1909f56bfc062723c751e8b465ee728b)  -> (artifact id: '23e2f4af4e4c0226eecc613ea6f944f3') in 0.357514 seconds 
  Import took 0.375410 seconds .

========================================================================
Received Import Request.
  Time since last request: 0.000328 seconds.
  path: Assets/ScrumTalk/Imported Models/Modern People/Models/Girls/Models/Girl010.fbx
  artifactKey: Guid(b866a54c04a317a489be26073a61ccd0) Importer(815301076,1909f56bfc062723c751e8b465ee728b)
Start importing Assets/ScrumTalk/Imported Models/Modern People/Models/Girls/Models/Girl010.fbx using Guid(b866a54c04a317a489be26073a61ccd0) Importer(815301076,1909f56bfc062723c751e8b465ee728b)  -> (artifact id: 'ea6aaab1ce3a8b39e80d0ac49888a4f4') in 0.294229 seconds 
  Import took 0.319147 seconds .

========================================================================
Received Import Request.
  Time since last request: 0.000382 seconds.
  path: Assets/ScrumTalk/Imported Models/Modern People/Models/Men/Models/Man003.fbx
  artifactKey: Guid(7a0e3e250d87ecb498a08a473f82b075) Importer(815301076,1909f56bfc062723c751e8b465ee728b)
Start importing Assets/ScrumTalk/Imported Models/Modern People/Models/Men/Models/Man003.fbx using Guid(7a0e3e250d87ecb498a08a473f82b075) Importer(815301076,1909f56bfc062723c751e8b465ee728b)  -> (artifact id: '91267c2343890a260c715901ece79775') in 0.311942 seconds 
  Import took 0.321317 seconds .

========================================================================
Received Import Request.
  Time since last request: 0.000349 seconds.
  path: Assets/ScrumTalk/Imported Models/Modern People/Models/Men/Models/Man004.fbx
  artifactKey: Guid(fc9c36b0bb3518f4ca0210417673bd3c) Importer(815301076,1909f56bfc062723c751e8b465ee728b)
Start importing Assets/ScrumTalk/Imported Models/Modern People/Models/Men/Models/Man004.fbx using Guid(fc9c36b0bb3518f4ca0210417673bd3c) Importer(815301076,1909f56bfc062723c751e8b465ee728b)  -> (artifact id: '5a67197b6a779cb5fa258d5aab6e799d') in 0.324160 seconds 
  Import took 0.335281 seconds .

========================================================================
Received Import Request.
  Time since last request: 0.000494 seconds.
  path: Assets/ScrumTalk/Imported Models/Modern People/Models/Men/Models/Man005.fbx
  artifactKey: Guid(56e5d27eae710c444a4e0027d87cbbe2) Importer(815301076,1909f56bfc062723c751e8b465ee728b)
Start importing Assets/ScrumTalk/Imported Models/Modern People/Models/Men/Models/Man005.fbx using Guid(56e5d27eae710c444a4e0027d87cbbe2) Importer(815301076,1909f56bfc062723c751e8b465ee728b)  -> (artifact id: 'e0035ed5909ce928c9436216bed176e1') in 0.333487 seconds 
  Import took 0.364440 seconds .

========================================================================
Received Import Request.
  Time since last request: 0.000621 seconds.
  path: Assets/ScrumTalk/Imported Models/Modern People/Models/Men/Models/Man001.fbx
  artifactKey: Guid(1044983ee7acb814c93ef64ed5f96c96) Importer(815301076,1909f56bfc062723c751e8b465ee728b)
Start importing Assets/ScrumTalk/Imported Models/Modern People/Models/Men/Models/Man001.fbx using Guid(1044983ee7acb814c93ef64ed5f96c96) Importer(815301076,1909f56bfc062723c751e8b465ee728b)  -> (artifact id: 'bf9321e525073b8a075ad9889730d13f') in 0.326146 seconds 
  Import took 0.345023 seconds .

========================================================================
Received Import Request.
  Time since last request: 0.000389 seconds.
  path: Assets/ScrumTalk/Imported Models/Modern People/Models/Men/Models/Man002.fbx
  artifactKey: Guid(3c508a4ae6ae6994c87b34ce1ee93618) Importer(815301076,1909f56bfc062723c751e8b465ee728b)
Start importing Assets/ScrumTalk/Imported Models/Modern People/Models/Men/Models/Man002.fbx using Guid(3c508a4ae6ae6994c87b34ce1ee93618) Importer(815301076,1909f56bfc062723c751e8b465ee728b)  -> (artifact id: '291d4c2d79192836f5a20a430eafe6f0') in 0.297726 seconds 
  Import took 0.312471 seconds .

========================================================================
Received Import Request.
  Time since last request: 0.000362 seconds.
  path: Assets/ScrumTalk/Imported Models/Modern People/Models/Men/Models/Man006.fbx
  artifactKey: Guid(c173040c2eb30f94d931e8b69d4971aa) Importer(815301076,1909f56bfc062723c751e8b465ee728b)
Start importing Assets/ScrumTalk/Imported Models/Modern People/Models/Men/Models/Man006.fbx using Guid(c173040c2eb30f94d931e8b69d4971aa) Importer(815301076,1909f56bfc062723c751e8b465ee728b)  -> (artifact id: '7e3a1b3872a73846a4d1e69e7a3719b5') in 0.266919 seconds 
  Import took 0.286543 seconds .

========================================================================
Received Import Request.
  Time since last request: 0.000337 seconds.
  path: Assets/ScrumTalk/Imported Models/Modern People/Models/Girls/Models/Girl009.fbx
  artifactKey: Guid(707c66de069bdd74494b0b08e1f79642) Importer(815301076,1909f56bfc062723c751e8b465ee728b)
Start importing Assets/ScrumTalk/Imported Models/Modern People/Models/Girls/Models/Girl009.fbx using Guid(707c66de069bdd74494b0b08e1f79642) Importer(815301076,1909f56bfc062723c751e8b465ee728b)  -> (artifact id: 'b4e5b447a285f85135e020549df85d61') in 0.267088 seconds 
  Import took 0.287182 seconds .

========================================================================
Received Import Request.
  Time since last request: 2.853939 seconds.
  path: Assets/ScrumTalk/Imported Models/Modern People/Models/Men/Models/Man007.fbx
  artifactKey: Guid(17712c32c1c0b6140ace99db42b1e5fb) Importer(815301076,1909f56bfc062723c751e8b465ee728b)
Start importing Assets/ScrumTalk/Imported Models/Modern People/Models/Men/Models/Man007.fbx using Guid(17712c32c1c0b6140ace99db42b1e5fb) Importer(815301076,1909f56bfc062723c751e8b465ee728b)  -> (artifact id: 'a407dfd7199a3657cc7454a6cc8bbf9d') in 0.314938 seconds 
  Import took 0.336371 seconds .

========================================================================
Received Import Request.
  Time since last request: 0.000399 seconds.
  path: Assets/ScrumTalk/Imported Models/Modern People/Models/Men/Models/Man008.fbx
  artifactKey: Guid(2a6c865bc87a279478ed5acd4aa38bea) Importer(815301076,1909f56bfc062723c751e8b465ee728b)
Start importing Assets/ScrumTalk/Imported Models/Modern People/Models/Men/Models/Man008.fbx using Guid(2a6c865bc87a279478ed5acd4aa38bea) Importer(815301076,1909f56bfc062723c751e8b465ee728b)  -> (artifact id: 'd1df34e4a3d69d3c5fe76e042ed3ac8f') in 0.293009 seconds 
  Import took 0.321098 seconds .

========================================================================
Received Import Request.
  Time since last request: 0.000342 seconds.
  path: Assets/ScrumTalk/Imported Models/Modern People/Models/Men/Models/Man009.fbx
  artifactKey: Guid(c154b1864462a8243ad488f535bf52f1) Importer(815301076,1909f56bfc062723c751e8b465ee728b)
Start importing Assets/ScrumTalk/Imported Models/Modern People/Models/Men/Models/Man009.fbx using Guid(c154b1864462a8243ad488f535bf52f1) Importer(815301076,1909f56bfc062723c751e8b465ee728b)  -> (artifact id: '1ec93ad6889a97e0337a0533d0d93c8d') in 0.271964 seconds 
  Import took 0.293003 seconds .

========================================================================
Received Import Request.
  Time since last request: 0.533422 seconds.
  path: Assets/ScrumTalk/Imported Models/Modern People/Models/Men/Models/Man010.fbx
  artifactKey: Guid(0d3b646b5a4130b43aa175566c652feb) Importer(815301076,1909f56bfc062723c751e8b465ee728b)
Start importing Assets/ScrumTalk/Imported Models/Modern People/Models/Men/Models/Man010.fbx using Guid(0d3b646b5a4130b43aa175566c652feb) Importer(815301076,1909f56bfc062723c751e8b465ee728b)  -> (artifact id: 'b8550598416fb95d94a4957c8f07ecf4') in 0.521991 seconds 
  Import took 0.543864 seconds .

========================================================================
Received Import Request.
  Time since last request: 0.030415 seconds.
  path: Assets/ScrumTalk/Imported Models/Modern People/Models/Men/Models/Man010.fbx
  artifactKey: Guid(0d3b646b5a4130b43aa175566c652feb) Importer(815301076,1909f56bfc062723c751e8b465ee728b)
Start importing Assets/ScrumTalk/Imported Models/Modern People/Models/Men/Models/Man010.fbx using Guid(0d3b646b5a4130b43aa175566c652feb) Importer(815301076,1909f56bfc062723c751e8b465ee728b)  -> (artifact id: 'b8550598416fb95d94a4957c8f07ecf4') in 0.265294 seconds 
  Import took 0.272532 seconds .

========================================================================
Received Import Request.
  Time since last request: 83.046464 seconds.
  path: Assets/HumanoidAnims/xbot@Defeated.fbx
  artifactKey: Guid(6ab322681f298924eb01292b21f2bb0f) Importer(815301076,1909f56bfc062723c751e8b465ee728b)
Start importing Assets/HumanoidAnims/xbot@Defeated.fbx using Guid(6ab322681f298924eb01292b21f2bb0f) Importer(815301076,1909f56bfc062723c751e8b465ee728b)  -> (artifact id: '37f7304f19f445ed35b2a604dde2ca81') in 0.126892 seconds 
  Import took 0.166484 seconds .

========================================================================
Received Import Request.
  Time since last request: 5.924090 seconds.
  path: Assets/HumanoidAnims/Defeated.anim
  artifactKey: Guid(fe4e5a21371d7d3438f6cd4e0072028f) Importer(815301076,1909f56bfc062723c751e8b465ee728b)
Start importing Assets/HumanoidAnims/Defeated.anim using Guid(fe4e5a21371d7d3438f6cd4e0072028f) Importer(815301076,1909f56bfc062723c751e8b465ee728b)  -> (artifact id: '713570f03101e6a508899763796da9c7') in 0.054666 seconds 
  Import took 0.095800 seconds .

========================================================================
Received Import Request.
  Time since last request: 18.949460 seconds.
  path: Assets/Scripts/Anims/FelizAmigable.cs
  artifactKey: Guid(2ad6f6310b828a0478db1176bd3d8301) Importer(815301076,1909f56bfc062723c751e8b465ee728b)
Start importing Assets/Scripts/Anims/FelizAmigable.cs using Guid(2ad6f6310b828a0478db1176bd3d8301) Importer(815301076,1909f56bfc062723c751e8b465ee728b)  -> (artifact id: '0ae4a40963a1eaa6c395af5b812706a1') in 0.058941 seconds 
  Import took 0.074750 seconds .

========================================================================
Received Prepare
Registering precompiled user dll's ...
Registered in 0.272047 seconds.
Begin MonoManager ReloadAssembly
Native extension for WindowsStandalone target not found
Refreshing native plugins compatible for Editor in 49.60 ms, found 3 plugins.
Preloading 0 native plugins for Editor in 0.00 ms.
Mono: successfully reloaded assembly
- Completed reload, in 27.591 seconds
Domain Reload Profiling:
	ReloadAssembly (27824ms)
		BeginReloadAssembly (6029ms)
			ExecutionOrderSort (1ms)
			DisableScriptedObjects (570ms)
			BackupInstance (0ms)
			ReleaseScriptingObjects (16ms)
			CreateAndSetChildDomain (4087ms)
		EndReloadAssembly (20344ms)
			LoadAssemblies (4695ms)
			RebuildTransferFunctionScriptingTraits (244ms)
			SetupTypeCache (6923ms)
			ReleaseScriptCaches (109ms)
			RebuildScriptCaches (474ms)
			SetupLoadedEditorAssemblies (6647ms)
				LogAssemblyErrors (0ms)
				InitializePlatformSupportModulesInManaged (70ms)
				SetLoadedEditorAssemblies (24ms)
				RefreshPlugins (53ms)
				BeforeProcessingInitializeOnLoad (1362ms)
				ProcessInitializeOnLoadAttributes (4986ms)
				ProcessInitializeOnLoadMethodAttributes (83ms)
				AfterProcessingInitializeOnLoad (67ms)
				EditorAssembliesLoaded (2ms)
			ExecutionOrderSort2 (0ms)
			AwakeInstancesAfterBackupRestoration (52ms)
Platform modules already initialized, skipping
Refreshing native plugins compatible for Editor in 0.99 ms, found 3 plugins.
Preloading 0 native plugins for Editor in 0.00 ms.
Unloading 2069 Unused Serialized files (Serialized files now loaded: 0)
System memory in use before: 111.8 MB.
System memory in use after: 111.9 MB.

Unloading 17 unused Assets to reduce memory usage. Loaded Objects now: 2567.
Total: 11.975900 ms (FindLiveObjects: 0.522100 ms CreateObjectMapping: 0.225600 ms MarkObjects: 11.078300 ms  DeleteObjects: 0.147400 ms)

AssetImportParameters requested are different than current active one (requested -> active):
  custom:framework-win-MediaFoundation: 216162199b28c13a410421893ffa2e32 -> 
  custom:video-decoder-ogg-theora: a1e56fd34408186e4bbccfd4996cb3dc -> 
  custom:container-muxer-webm: aa71ff27fc2769a1b78a27578f13a17b -> 
  custom:container-demuxer-webm: 4f35f7cbe854078d1ac9338744f61a02 -> 
  custom:container-demuxer-ogg: 62fdf1f143b41e24485cea50d1cbac27 -> 
  custom:video-encoder-webm-vp8: eb34c28f22e8b96e1ab97ce403110664 -> 
  custom:video-decoder-webm-vp8: 9c59270c3fd7afecdb556c50c9e8de78 -> 
  custom:audio-decoder-ogg-vorbis: bf7c407c2cedff20999df2af8eb42d56 -> 
  custom:audio-encoder-webm-vorbis: bf7c407c2cedff20999df2af8eb42d56 -> 
========================================================================
Received Prepare
Registering precompiled user dll's ...
Registered in 0.172140 seconds.
Begin MonoManager ReloadAssembly
Native extension for WindowsStandalone target not found
Refreshing native plugins compatible for Editor in 14.90 ms, found 3 plugins.
Preloading 0 native plugins for Editor in 0.00 ms.
Mono: successfully reloaded assembly
- Completed reload, in  6.122 seconds
Domain Reload Profiling:
	ReloadAssembly (6160ms)
		BeginReloadAssembly (1938ms)
			ExecutionOrderSort (1ms)
			DisableScriptedObjects (207ms)
			BackupInstance (0ms)
			ReleaseScriptingObjects (2ms)
			CreateAndSetChildDomain (912ms)
		EndReloadAssembly (3860ms)
			LoadAssemblies (1842ms)
			RebuildTransferFunctionScriptingTraits (3ms)
			SetupTypeCache (709ms)
			ReleaseScriptCaches (2ms)
			RebuildScriptCaches (88ms)
			SetupLoadedEditorAssemblies (1290ms)
				LogAssemblyErrors (0ms)
				InitializePlatformSupportModulesInManaged (22ms)
				SetLoadedEditorAssemblies (3ms)
				RefreshPlugins (16ms)
				BeforeProcessingInitializeOnLoad (204ms)
				ProcessInitializeOnLoadAttributes (981ms)
				ProcessInitializeOnLoadMethodAttributes (16ms)
				AfterProcessingInitializeOnLoad (47ms)
				EditorAssembliesLoaded (2ms)
			ExecutionOrderSort2 (0ms)
			AwakeInstancesAfterBackupRestoration (26ms)
Platform modules already initialized, skipping
Refreshing native plugins compatible for Editor in 0.68 ms, found 3 plugins.
Preloading 0 native plugins for Editor in 0.00 ms.
Unloading 2069 Unused Serialized files (Serialized files now loaded: 0)
System memory in use before: 111.8 MB.
System memory in use after: 111.9 MB.

Unloading 17 unused Assets to reduce memory usage. Loaded Objects now: 2569.
Total: 14.637100 ms (FindLiveObjects: 4.749200 ms CreateObjectMapping: 0.423700 ms MarkObjects: 7.142600 ms  DeleteObjects: 2.318900 ms)

AssetImportParameters requested are different than current active one (requested -> active):
  custom:framework-win-MediaFoundation: 216162199b28c13a410421893ffa2e32 -> 
  custom:video-decoder-ogg-theora: a1e56fd34408186e4bbccfd4996cb3dc -> 
  custom:container-muxer-webm: aa71ff27fc2769a1b78a27578f13a17b -> 
  custom:container-demuxer-webm: 4f35f7cbe854078d1ac9338744f61a02 -> 
  custom:container-demuxer-ogg: 62fdf1f143b41e24485cea50d1cbac27 -> 
  custom:video-encoder-webm-vp8: eb34c28f22e8b96e1ab97ce403110664 -> 
  custom:video-decoder-webm-vp8: 9c59270c3fd7afecdb556c50c9e8de78 -> 
  custom:audio-decoder-ogg-vorbis: bf7c407c2cedff20999df2af8eb42d56 -> 
  custom:audio-encoder-webm-vorbis: bf7c407c2cedff20999df2af8eb42d56 -> 
========================================================================
Received Prepare
Registering precompiled user dll's ...
Registered in 0.046456 seconds.
Begin MonoManager ReloadAssembly
Native extension for WindowsStandalone target not found
Refreshing native plugins compatible for Editor in 1.78 ms, found 3 plugins.
Preloading 0 native plugins for Editor in 0.00 ms.
Mono: successfully reloaded assembly
- Completed reload, in  7.599 seconds
Domain Reload Profiling:
	ReloadAssembly (7601ms)
		BeginReloadAssembly (601ms)
			ExecutionOrderSort (0ms)
			DisableScriptedObjects (38ms)
			BackupInstance (0ms)
			ReleaseScriptingObjects (0ms)
			CreateAndSetChildDomain (175ms)
		EndReloadAssembly (6615ms)
			LoadAssemblies (651ms)
			RebuildTransferFunctionScriptingTraits (0ms)
			SetupTypeCache (2074ms)
			ReleaseScriptCaches (3ms)
			RebuildScriptCaches (265ms)
			SetupLoadedEditorAssemblies (2919ms)
				LogAssemblyErrors (0ms)
				InitializePlatformSupportModulesInManaged (36ms)
				SetLoadedEditorAssemblies (2ms)
				RefreshPlugins (2ms)
				BeforeProcessingInitializeOnLoad (432ms)
				ProcessInitializeOnLoadAttributes (2385ms)
				ProcessInitializeOnLoadMethodAttributes (29ms)
				AfterProcessingInitializeOnLoad (29ms)
				EditorAssembliesLoaded (5ms)
			ExecutionOrderSort2 (0ms)
			AwakeInstancesAfterBackupRestoration (44ms)
Platform modules already initialized, skipping
Refreshing native plugins compatible for Editor in 1.97 ms, found 3 plugins.
Preloading 0 native plugins for Editor in 0.00 ms.
Unloading 2069 Unused Serialized files (Serialized files now loaded: 0)
System memory in use before: 111.8 MB.
System memory in use after: 111.9 MB.

Unloading 17 unused Assets to reduce memory usage. Loaded Objects now: 2571.
Total: 16.212000 ms (FindLiveObjects: 0.506500 ms CreateObjectMapping: 0.493700 ms MarkObjects: 12.433100 ms  DeleteObjects: 2.774800 ms)

AssetImportParameters requested are different than current active one (requested -> active):
  custom:framework-win-MediaFoundation: 216162199b28c13a410421893ffa2e32 -> 
  custom:video-decoder-ogg-theora: a1e56fd34408186e4bbccfd4996cb3dc -> 
  custom:container-muxer-webm: aa71ff27fc2769a1b78a27578f13a17b -> 
  custom:container-demuxer-webm: 4f35f7cbe854078d1ac9338744f61a02 -> 
  custom:container-demuxer-ogg: 62fdf1f143b41e24485cea50d1cbac27 -> 
  custom:video-encoder-webm-vp8: eb34c28f22e8b96e1ab97ce403110664 -> 
  custom:video-decoder-webm-vp8: 9c59270c3fd7afecdb556c50c9e8de78 -> 
  custom:audio-decoder-ogg-vorbis: bf7c407c2cedff20999df2af8eb42d56 -> 
  custom:audio-encoder-webm-vorbis: bf7c407c2cedff20999df2af8eb42d56 -> 
========================================================================
Received Import Request.
  Time since last request: 788.461850 seconds.
  path: Assets/HumanoidAnims/xbot@Defeated.fbx
  artifactKey: Guid(6ab322681f298924eb01292b21f2bb0f) Importer(815301076,1909f56bfc062723c751e8b465ee728b)
Start importing Assets/HumanoidAnims/xbot@Defeated.fbx using Guid(6ab322681f298924eb01292b21f2bb0f) Importer(815301076,1909f56bfc062723c751e8b465ee728b)  -> (artifact id: '770aaf82f30b2eda6e91ac7d27d69d87') in 0.632323 seconds 
  Import took 0.648284 seconds .

========================================================================
Received Import Request.
  Time since last request: 0.120590 seconds.
  path: Assets/HumanoidAnims/xbot@Defeated.fbx
  artifactKey: Guid(6ab322681f298924eb01292b21f2bb0f) Importer(815301076,1909f56bfc062723c751e8b465ee728b)
Start importing Assets/HumanoidAnims/xbot@Defeated.fbx using Guid(6ab322681f298924eb01292b21f2bb0f) Importer(815301076,1909f56bfc062723c751e8b465ee728b)  -> (artifact id: '770aaf82f30b2eda6e91ac7d27d69d87') in 0.233174 seconds 
  Import took 0.262474 seconds .

========================================================================
Received Import Request.
  Time since last request: 58470.927917 seconds.
  path: Assets/HumanoidAnims/xbot@Defeated.fbx
  artifactKey: Guid(6ab322681f298924eb01292b21f2bb0f) Importer(815301076,1909f56bfc062723c751e8b465ee728b)
Start importing Assets/HumanoidAnims/xbot@Defeated.fbx using Guid(6ab322681f298924eb01292b21f2bb0f) Importer(815301076,1909f56bfc062723c751e8b465ee728b)  -> (artifact id: '75cb151c59c2ad042a6d9910d72e38a9') in 1.710305 seconds 
  Import took 2.826293 seconds .

========================================================================
Received Import Request.
  Time since last request: 20.046158 seconds.
  path: Assets/HumanoidAnims/Defeated.anim
  artifactKey: Guid(fe4e5a21371d7d3438f6cd4e0072028f) Importer(815301076,1909f56bfc062723c751e8b465ee728b)
Start importing Assets/HumanoidAnims/Defeated.anim using Guid(fe4e5a21371d7d3438f6cd4e0072028f) Importer(815301076,1909f56bfc062723c751e8b465ee728b)  -> (artifact id: '15a67d3cf9798be59ce96983c4a55376') in 0.259051 seconds 
  Import took 0.343932 seconds .

========================================================================
Received Prepare
Registering precompiled user dll's ...
Registered in 0.530312 seconds.
Begin MonoManager ReloadAssembly
Native extension for WindowsStandalone target not found
Refreshing native plugins compatible for Editor in 1.03 ms, found 3 plugins.
Preloading 0 native plugins for Editor in 0.00 ms.
Mono: successfully reloaded assembly
- Completed reload, in  5.534 seconds
Domain Reload Profiling:
	ReloadAssembly (5592ms)
		BeginReloadAssembly (2223ms)
			ExecutionOrderSort (0ms)
			DisableScriptedObjects (203ms)
			BackupInstance (0ms)
			ReleaseScriptingObjects (0ms)
			CreateAndSetChildDomain (1366ms)
		EndReloadAssembly (3063ms)
			LoadAssemblies (406ms)
			RebuildTransferFunctionScriptingTraits (0ms)
			SetupTypeCache (805ms)
			ReleaseScriptCaches (2ms)
			RebuildScriptCaches (88ms)
			SetupLoadedEditorAssemblies (1566ms)
				LogAssemblyErrors (0ms)
				InitializePlatformSupportModulesInManaged (13ms)
				SetLoadedEditorAssemblies (1ms)
				RefreshPlugins (1ms)
				BeforeProcessingInitializeOnLoad (223ms)
				ProcessInitializeOnLoadAttributes (1274ms)
				ProcessInitializeOnLoadMethodAttributes (19ms)
				AfterProcessingInitializeOnLoad (34ms)
				EditorAssembliesLoaded (1ms)
			ExecutionOrderSort2 (0ms)
			AwakeInstancesAfterBackupRestoration (39ms)
Platform modules already initialized, skipping
Refreshing native plugins compatible for Editor in 1.75 ms, found 3 plugins.
Preloading 0 native plugins for Editor in 0.00 ms.
Unloading 2069 Unused Serialized files (Serialized files now loaded: 0)
System memory in use before: 111.8 MB.
System memory in use after: 112.0 MB.

Unloading 17 unused Assets to reduce memory usage. Loaded Objects now: 2574.
Total: 16.136500 ms (FindLiveObjects: 0.741600 ms CreateObjectMapping: 0.822700 ms MarkObjects: 14.449700 ms  DeleteObjects: 0.117600 ms)

AssetImportParameters requested are different than current active one (requested -> active):
  custom:framework-win-MediaFoundation: 216162199b28c13a410421893ffa2e32 -> 
  custom:video-decoder-ogg-theora: a1e56fd34408186e4bbccfd4996cb3dc -> 
  custom:container-muxer-webm: aa71ff27fc2769a1b78a27578f13a17b -> 
  custom:container-demuxer-webm: 4f35f7cbe854078d1ac9338744f61a02 -> 
  custom:container-demuxer-ogg: 62fdf1f143b41e24485cea50d1cbac27 -> 
  custom:video-encoder-webm-vp8: eb34c28f22e8b96e1ab97ce403110664 -> 
  custom:video-decoder-webm-vp8: 9c59270c3fd7afecdb556c50c9e8de78 -> 
  custom:audio-decoder-ogg-vorbis: bf7c407c2cedff20999df2af8eb42d56 -> 
  custom:audio-encoder-webm-vorbis: bf7c407c2cedff20999df2af8eb42d56 -> 
========================================================================
Received Import Request.
  Time since last request: 309.739877 seconds.
  path: Assets/HumanoidAnims/xbot@Standing Arguing.fbx
  artifactKey: Guid(0d385290911d141449c41f34f18c89ff) Importer(815301076,1909f56bfc062723c751e8b465ee728b)
Start importing Assets/HumanoidAnims/xbot@Standing Arguing.fbx using Guid(0d385290911d141449c41f34f18c89ff) Importer(815301076,1909f56bfc062723c751e8b465ee728b)  -> (artifact id: '4158fd49493d0b5486f8270fa18cb8eb') in 0.466192 seconds 
  Import took 0.491443 seconds .

========================================================================
Received Import Request.
  Time since last request: 12.208680 seconds.
  path: Assets/HumanoidAnims/xbot@Standing Arguing.fbx
  artifactKey: Guid(0d385290911d141449c41f34f18c89ff) Importer(815301076,1909f56bfc062723c751e8b465ee728b)
Start importing Assets/HumanoidAnims/xbot@Standing Arguing.fbx using Guid(0d385290911d141449c41f34f18c89ff) Importer(815301076,1909f56bfc062723c751e8b465ee728b)  -> (artifact id: '93092db04f8165afe7b57a742827343e') in 0.167552 seconds 
  Import took 0.214019 seconds .

========================================================================
Received Import Request.
  Time since last request: 0.044160 seconds.
  path: Assets/HumanoidAnims/xbot@Standing Arguing.fbx
  artifactKey: Guid(0d385290911d141449c41f34f18c89ff) Importer(815301076,1909f56bfc062723c751e8b465ee728b)
Start importing Assets/HumanoidAnims/xbot@Standing Arguing.fbx using Guid(0d385290911d141449c41f34f18c89ff) Importer(815301076,1909f56bfc062723c751e8b465ee728b)  -> (artifact id: '93092db04f8165afe7b57a742827343e') in 0.154257 seconds 
  Import took 0.166835 seconds .

========================================================================
Received Import Request.
  Time since last request: 7.363348 seconds.
  path: Assets/HumanoidAnims/Standing Arguing.anim
  artifactKey: Guid(340ef0b974e3f864994c9322a633f886) Importer(815301076,1909f56bfc062723c751e8b465ee728b)
Start importing Assets/HumanoidAnims/Standing Arguing.anim using Guid(340ef0b974e3f864994c9322a633f886) Importer(815301076,1909f56bfc062723c751e8b465ee728b)  -> (artifact id: 'c2cd64713444a81c6b9bf843de7422cf') in 0.207390 seconds 
  Import took 0.226918 seconds .

========================================================================
Received Prepare
Registering precompiled user dll's ...
Registered in 0.291602 seconds.
Begin MonoManager ReloadAssembly
Native extension for WindowsStandalone target not found
Refreshing native plugins compatible for Editor in 3.66 ms, found 3 plugins.
Preloading 0 native plugins for Editor in 0.00 ms.
Mono: successfully reloaded assembly
- Completed reload, in  8.174 seconds
Domain Reload Profiling:
	ReloadAssembly (8204ms)
		BeginReloadAssembly (2212ms)
			ExecutionOrderSort (0ms)
			DisableScriptedObjects (312ms)
			BackupInstance (0ms)
			ReleaseScriptingObjects (2ms)
			CreateAndSetChildDomain (1229ms)
		EndReloadAssembly (5673ms)
			LoadAssemblies (877ms)
			RebuildTransferFunctionScriptingTraits (1ms)
			SetupTypeCache (1433ms)
			ReleaseScriptCaches (9ms)
			RebuildScriptCaches (135ms)
			SetupLoadedEditorAssemblies (2727ms)
				LogAssemblyErrors (0ms)
				InitializePlatformSupportModulesInManaged (43ms)
				SetLoadedEditorAssemblies (8ms)
				RefreshPlugins (4ms)
				BeforeProcessingInitializeOnLoad (460ms)
				ProcessInitializeOnLoadAttributes (2174ms)
				ProcessInitializeOnLoadMethodAttributes (14ms)
				AfterProcessingInitializeOnLoad (22ms)
				EditorAssembliesLoaded (2ms)
			ExecutionOrderSort2 (0ms)
			AwakeInstancesAfterBackupRestoration (35ms)
Platform modules already initialized, skipping
Refreshing native plugins compatible for Editor in 2.42 ms, found 3 plugins.
Preloading 0 native plugins for Editor in 0.00 ms.
Unloading 2069 Unused Serialized files (Serialized files now loaded: 0)
System memory in use before: 112.1 MB.
System memory in use after: 112.2 MB.

Unloading 17 unused Assets to reduce memory usage. Loaded Objects now: 2577.
Total: 26.967900 ms (FindLiveObjects: 0.864000 ms CreateObjectMapping: 1.101700 ms MarkObjects: 21.780500 ms  DeleteObjects: 3.217600 ms)

AssetImportParameters requested are different than current active one (requested -> active):
  custom:framework-win-MediaFoundation: 216162199b28c13a410421893ffa2e32 -> 
  custom:video-decoder-ogg-theora: a1e56fd34408186e4bbccfd4996cb3dc -> 
  custom:container-muxer-webm: aa71ff27fc2769a1b78a27578f13a17b -> 
  custom:container-demuxer-webm: 4f35f7cbe854078d1ac9338744f61a02 -> 
  custom:container-demuxer-ogg: 62fdf1f143b41e24485cea50d1cbac27 -> 
  custom:video-encoder-webm-vp8: eb34c28f22e8b96e1ab97ce403110664 -> 
  custom:video-decoder-webm-vp8: 9c59270c3fd7afecdb556c50c9e8de78 -> 
  custom:audio-decoder-ogg-vorbis: bf7c407c2cedff20999df2af8eb42d56 -> 
  custom:audio-encoder-webm-vorbis: bf7c407c2cedff20999df2af8eb42d56 -> 
========================================================================
Received Prepare
Registering precompiled user dll's ...
Registered in 0.142702 seconds.
Begin MonoManager ReloadAssembly
Native extension for WindowsStandalone target not found
Refreshing native plugins compatible for Editor in 1.27 ms, found 3 plugins.
Preloading 0 native plugins for Editor in 0.00 ms.
Mono: successfully reloaded assembly
- Completed reload, in  5.441 seconds
Domain Reload Profiling:
	ReloadAssembly (5443ms)
		BeginReloadAssembly (657ms)
			ExecutionOrderSort (0ms)
			DisableScriptedObjects (28ms)
			BackupInstance (0ms)
			ReleaseScriptingObjects (1ms)
			CreateAndSetChildDomain (219ms)
		EndReloadAssembly (4475ms)
			LoadAssemblies (1696ms)
			RebuildTransferFunctionScriptingTraits (0ms)
			SetupTypeCache (993ms)
			ReleaseScriptCaches (2ms)
			RebuildScriptCaches (125ms)
			SetupLoadedEditorAssemblies (1446ms)
				LogAssemblyErrors (0ms)
				InitializePlatformSupportModulesInManaged (14ms)
				SetLoadedEditorAssemblies (1ms)
				RefreshPlugins (2ms)
				BeforeProcessingInitializeOnLoad (215ms)
				ProcessInitializeOnLoadAttributes (1163ms)
				ProcessInitializeOnLoadMethodAttributes (19ms)
				AfterProcessingInitializeOnLoad (31ms)
				EditorAssembliesLoaded (1ms)
			ExecutionOrderSort2 (0ms)
			AwakeInstancesAfterBackupRestoration (33ms)
Platform modules already initialized, skipping
Refreshing native plugins compatible for Editor in 1.40 ms, found 3 plugins.
Preloading 0 native plugins for Editor in 0.00 ms.
Unloading 2069 Unused Serialized files (Serialized files now loaded: 0)
System memory in use before: 112.1 MB.
System memory in use after: 112.2 MB.

Unloading 17 unused Assets to reduce memory usage. Loaded Objects now: 2579.
Total: 14.761600 ms (FindLiveObjects: 0.727300 ms CreateObjectMapping: 0.461100 ms MarkObjects: 13.475300 ms  DeleteObjects: 0.092200 ms)

AssetImportParameters requested are different than current active one (requested -> active):
  custom:framework-win-MediaFoundation: 216162199b28c13a410421893ffa2e32 -> 
  custom:video-decoder-ogg-theora: a1e56fd34408186e4bbccfd4996cb3dc -> 
  custom:container-muxer-webm: aa71ff27fc2769a1b78a27578f13a17b -> 
  custom:container-demuxer-webm: 4f35f7cbe854078d1ac9338744f61a02 -> 
  custom:container-demuxer-ogg: 62fdf1f143b41e24485cea50d1cbac27 -> 
  custom:video-encoder-webm-vp8: eb34c28f22e8b96e1ab97ce403110664 -> 
  custom:video-decoder-webm-vp8: 9c59270c3fd7afecdb556c50c9e8de78 -> 
  custom:audio-decoder-ogg-vorbis: bf7c407c2cedff20999df2af8eb42d56 -> 
  custom:audio-encoder-webm-vorbis: bf7c407c2cedff20999df2af8eb42d56 -> 
========================================================================
Received Import Request.
  Time since last request: 288.340384 seconds.
  path: Assets/HumanoidAnims/xbot@Joyful Jump.fbx
  artifactKey: Guid(a1980dce65713954bb7b57a02cee6cd9) Importer(815301076,1909f56bfc062723c751e8b465ee728b)
Start importing Assets/HumanoidAnims/xbot@Joyful Jump.fbx using Guid(a1980dce65713954bb7b57a02cee6cd9) Importer(815301076,1909f56bfc062723c751e8b465ee728b)  -> (artifact id: 'a75d4a4cd4ede25ee4eaf17af5c34d74') in 0.708733 seconds 
  Import took 0.756994 seconds .

========================================================================
Received Import Request.
  Time since last request: 9.114343 seconds.
  path: Assets/HumanoidAnims/xbot@Joyful Jump.fbx
  artifactKey: Guid(a1980dce65713954bb7b57a02cee6cd9) Importer(815301076,1909f56bfc062723c751e8b465ee728b)
Start importing Assets/HumanoidAnims/xbot@Joyful Jump.fbx using Guid(a1980dce65713954bb7b57a02cee6cd9) Importer(815301076,1909f56bfc062723c751e8b465ee728b)  -> (artifact id: 'cbb52f4f121d34a3ef5183b8940ed353') in 0.159192 seconds 
  Import took 0.183736 seconds .

========================================================================
Received Import Request.
  Time since last request: 3.577469 seconds.
  path: Assets/HumanoidAnims/Joyful Jump.anim
  artifactKey: Guid(a09a34f9506de454e93267cf729b4612) Importer(815301076,1909f56bfc062723c751e8b465ee728b)
Start importing Assets/HumanoidAnims/Joyful Jump.anim using Guid(a09a34f9506de454e93267cf729b4612) Importer(815301076,1909f56bfc062723c751e8b465ee728b)  -> (artifact id: 'b293bd7ea48694b839823c9f2bd89e83') in 0.116961 seconds 
  Import took 0.142053 seconds .

========================================================================
Received Prepare
Registering precompiled user dll's ...
Registered in 0.134974 seconds.
Begin MonoManager ReloadAssembly
Native extension for WindowsStandalone target not found
Refreshing native plugins compatible for Editor in 1.27 ms, found 3 plugins.
Preloading 0 native plugins for Editor in 0.00 ms.
Mono: successfully reloaded assembly
- Completed reload, in  4.173 seconds
Domain Reload Profiling:
	ReloadAssembly (4174ms)
		BeginReloadAssembly (244ms)
			ExecutionOrderSort (0ms)
			DisableScriptedObjects (12ms)
			BackupInstance (0ms)
			ReleaseScriptingObjects (0ms)
			CreateAndSetChildDomain (71ms)
		EndReloadAssembly (3762ms)
			LoadAssemblies (1326ms)
			RebuildTransferFunctionScriptingTraits (0ms)
			SetupTypeCache (597ms)
			ReleaseScriptCaches (2ms)
			RebuildScriptCaches (89ms)
			SetupLoadedEditorAssemblies (1236ms)
				LogAssemblyErrors (0ms)
				InitializePlatformSupportModulesInManaged (13ms)
				SetLoadedEditorAssemblies (1ms)
				RefreshPlugins (1ms)
				BeforeProcessingInitializeOnLoad (159ms)
				ProcessInitializeOnLoadAttributes (1038ms)
				ProcessInitializeOnLoadMethodAttributes (8ms)
				AfterProcessingInitializeOnLoad (15ms)
				EditorAssembliesLoaded (0ms)
			ExecutionOrderSort2 (0ms)
			AwakeInstancesAfterBackupRestoration (14ms)
Platform modules already initialized, skipping
Refreshing native plugins compatible for Editor in 1.13 ms, found 3 plugins.
Preloading 0 native plugins for Editor in 0.00 ms.
Unloading 2069 Unused Serialized files (Serialized files now loaded: 0)
System memory in use before: 112.1 MB.
System memory in use after: 112.2 MB.

Unloading 17 unused Assets to reduce memory usage. Loaded Objects now: 2582.
Total: 7.603400 ms (FindLiveObjects: 0.526200 ms CreateObjectMapping: 0.189900 ms MarkObjects: 6.646300 ms  DeleteObjects: 0.236600 ms)

AssetImportParameters requested are different than current active one (requested -> active):
  custom:framework-win-MediaFoundation: 216162199b28c13a410421893ffa2e32 -> 
  custom:video-decoder-ogg-theora: a1e56fd34408186e4bbccfd4996cb3dc -> 
  custom:container-muxer-webm: aa71ff27fc2769a1b78a27578f13a17b -> 
  custom:container-demuxer-webm: 4f35f7cbe854078d1ac9338744f61a02 -> 
  custom:container-demuxer-ogg: 62fdf1f143b41e24485cea50d1cbac27 -> 
  custom:video-encoder-webm-vp8: eb34c28f22e8b96e1ab97ce403110664 -> 
  custom:video-decoder-webm-vp8: 9c59270c3fd7afecdb556c50c9e8de78 -> 
  custom:audio-decoder-ogg-vorbis: bf7c407c2cedff20999df2af8eb42d56 -> 
  custom:audio-encoder-webm-vorbis: bf7c407c2cedff20999df2af8eb42d56 -> 
========================================================================
Received Import Request.
  Time since last request: 260.296916 seconds.
  path: Assets/HumanoidAnims/xbot@Sitting Disbelief.fbx
  artifactKey: Guid(2b20cc825872c3e42aed0a24201e72ec) Importer(815301076,1909f56bfc062723c751e8b465ee728b)
Start importing Assets/HumanoidAnims/xbot@Sitting Disbelief.fbx using Guid(2b20cc825872c3e42aed0a24201e72ec) Importer(815301076,1909f56bfc062723c751e8b465ee728b)  -> (artifact id: '44a3d4f558d4e790af1e04da532821d6') in 0.701978 seconds 
  Import took 0.781388 seconds .

========================================================================
Received Import Request.
  Time since last request: 23.923306 seconds.
  path: Assets/HumanoidAnims/xbot@Sitting Disbelief.fbx
  artifactKey: Guid(2b20cc825872c3e42aed0a24201e72ec) Importer(815301076,1909f56bfc062723c751e8b465ee728b)
Start importing Assets/HumanoidAnims/xbot@Sitting Disbelief.fbx using Guid(2b20cc825872c3e42aed0a24201e72ec) Importer(815301076,1909f56bfc062723c751e8b465ee728b)  -> (artifact id: '74b12b680f0c50578232375ea94a7287') in 0.193429 seconds 
  Import took 0.216743 seconds .

========================================================================
Received Import Request.
  Time since last request: 5.215237 seconds.
  path: Assets/HumanoidAnims/Sitting Disbelief.anim
  artifactKey: Guid(763a81e79c0c0da45aa52960fbe4ca35) Importer(815301076,1909f56bfc062723c751e8b465ee728b)
Start importing Assets/HumanoidAnims/Sitting Disbelief.anim using Guid(763a81e79c0c0da45aa52960fbe4ca35) Importer(815301076,1909f56bfc062723c751e8b465ee728b)  -> (artifact id: 'ac60f578fa02b2f744188eaa9da5afe7') in 0.066009 seconds 
  Import took 0.092501 seconds .

========================================================================
Received Import Request.
  Time since last request: 8.583602 seconds.
  path: Assets/HumanoidAnims/Disbelief.anim
  artifactKey: Guid(763a81e79c0c0da45aa52960fbe4ca35) Importer(815301076,1909f56bfc062723c751e8b465ee728b)
Start importing Assets/HumanoidAnims/Disbelief.anim using Guid(763a81e79c0c0da45aa52960fbe4ca35) Importer(815301076,1909f56bfc062723c751e8b465ee728b)  -> (artifact id: 'e5cc47899b4448cf43c22312b432bf43') in 0.081930 seconds 
  Import took 0.107652 seconds .

========================================================================
Received Prepare
Registering precompiled user dll's ...
Registered in 0.230773 seconds.
Begin MonoManager ReloadAssembly
Native extension for WindowsStandalone target not found
Refreshing native plugins compatible for Editor in 0.95 ms, found 3 plugins.
Preloading 0 native plugins for Editor in 0.00 ms.
Mono: successfully reloaded assembly
- Completed reload, in  9.537 seconds
Domain Reload Profiling:
	ReloadAssembly (9583ms)
		BeginReloadAssembly (3086ms)
			ExecutionOrderSort (0ms)
			DisableScriptedObjects (330ms)
			BackupInstance (0ms)
			ReleaseScriptingObjects (4ms)
			CreateAndSetChildDomain (1883ms)
		EndReloadAssembly (6079ms)
			LoadAssemblies (1798ms)
			RebuildTransferFunctionScriptingTraits (1ms)
			SetupTypeCache (1522ms)
			ReleaseScriptCaches (10ms)
			RebuildScriptCaches (180ms)
			SetupLoadedEditorAssemblies (2091ms)
				LogAssemblyErrors (0ms)
				InitializePlatformSupportModulesInManaged (27ms)
				SetLoadedEditorAssemblies (3ms)
				RefreshPlugins (1ms)
				BeforeProcessingInitializeOnLoad (227ms)
				ProcessInitializeOnLoadAttributes (1804ms)
				ProcessInitializeOnLoadMethodAttributes (8ms)
				AfterProcessingInitializeOnLoad (14ms)
				EditorAssembliesLoaded (8ms)
			ExecutionOrderSort2 (0ms)
			AwakeInstancesAfterBackupRestoration (18ms)
Platform modules already initialized, skipping
Refreshing native plugins compatible for Editor in 1.39 ms, found 3 plugins.
Preloading 0 native plugins for Editor in 0.00 ms.
Unloading 2069 Unused Serialized files (Serialized files now loaded: 0)
System memory in use before: 112.1 MB.
System memory in use after: 112.2 MB.

Unloading 17 unused Assets to reduce memory usage. Loaded Objects now: 2585.
Total: 28.258800 ms (FindLiveObjects: 3.190200 ms CreateObjectMapping: 0.427800 ms MarkObjects: 22.541600 ms  DeleteObjects: 2.094700 ms)

AssetImportParameters requested are different than current active one (requested -> active):
  custom:framework-win-MediaFoundation: 216162199b28c13a410421893ffa2e32 -> 
  custom:video-decoder-ogg-theora: a1e56fd34408186e4bbccfd4996cb3dc -> 
  custom:container-muxer-webm: aa71ff27fc2769a1b78a27578f13a17b -> 
  custom:container-demuxer-webm: 4f35f7cbe854078d1ac9338744f61a02 -> 
  custom:container-demuxer-ogg: 62fdf1f143b41e24485cea50d1cbac27 -> 
  custom:video-encoder-webm-vp8: eb34c28f22e8b96e1ab97ce403110664 -> 
  custom:video-decoder-webm-vp8: 9c59270c3fd7afecdb556c50c9e8de78 -> 
  custom:audio-decoder-ogg-vorbis: bf7c407c2cedff20999df2af8eb42d56 -> 
  custom:audio-encoder-webm-vorbis: bf7c407c2cedff20999df2af8eb42d56 -> 
========================================================================
Received Import Request.
  Time since last request: 558.887911 seconds.
  path: Assets/HumanoidAnims/xbot@Excited.fbx
  artifactKey: Guid(a233148cd135db3409277dba2e3f4b38) Importer(815301076,1909f56bfc062723c751e8b465ee728b)
Start importing Assets/HumanoidAnims/xbot@Excited.fbx using Guid(a233148cd135db3409277dba2e3f4b38) Importer(815301076,1909f56bfc062723c751e8b465ee728b)  -> (artifact id: '8dc6576c06b2c035e9dc1b72f54db1ee') in 0.139043 seconds 
  Import took 0.179324 seconds .

========================================================================
Received Import Request.
  Time since last request: 11.722578 seconds.
  path: Assets/HumanoidAnims/xbot@Excited.fbx
  artifactKey: Guid(a233148cd135db3409277dba2e3f4b38) Importer(815301076,1909f56bfc062723c751e8b465ee728b)
Start importing Assets/HumanoidAnims/xbot@Excited.fbx using Guid(a233148cd135db3409277dba2e3f4b38) Importer(815301076,1909f56bfc062723c751e8b465ee728b)  -> (artifact id: '289881ef3ad4a44c9661c59a6d178b6b') in 0.043962 seconds 
  Import took 0.071664 seconds .

========================================================================
Received Import Request.
  Time since last request: 5.218754 seconds.
  path: Assets/HumanoidAnims/Excited.anim
  artifactKey: Guid(7f571546fdd95c84ba8d997c8691e104) Importer(815301076,1909f56bfc062723c751e8b465ee728b)
Start importing Assets/HumanoidAnims/Excited.anim using Guid(7f571546fdd95c84ba8d997c8691e104) Importer(815301076,1909f56bfc062723c751e8b465ee728b)  -> (artifact id: '6e11395a85c8b1ab965c0d812087fbf5') in 0.113106 seconds 
  Import took 0.138483 seconds .

========================================================================
Received Import Request.
  Time since last request: 62.734987 seconds.
  path: Assets/HumanoidAnims/xbot@Happy Hand Gesture.fbx
  artifactKey: Guid(67efed82b01681c40a70f25b3decd550) Importer(815301076,1909f56bfc062723c751e8b465ee728b)
Start importing Assets/HumanoidAnims/xbot@Happy Hand Gesture.fbx using Guid(67efed82b01681c40a70f25b3decd550) Importer(815301076,1909f56bfc062723c751e8b465ee728b)  -> (artifact id: 'ebcf15ae987ea47c80b932658729bbeb') in 0.075610 seconds 
  Import took 0.104301 seconds .

========================================================================
Received Import Request.
  Time since last request: 8.996810 seconds.
  path: Assets/HumanoidAnims/xbot@Happy Hand Gesture.fbx
  artifactKey: Guid(67efed82b01681c40a70f25b3decd550) Importer(815301076,1909f56bfc062723c751e8b465ee728b)
Start importing Assets/HumanoidAnims/xbot@Happy Hand Gesture.fbx using Guid(67efed82b01681c40a70f25b3decd550) Importer(815301076,1909f56bfc062723c751e8b465ee728b)  -> (artifact id: '18f509bb565ceee72ca3c975b5300404') in 0.025421 seconds 
  Import took 0.059558 seconds .

========================================================================
Received Import Request.
  Time since last request: 0.010030 seconds.
  path: Assets/HumanoidAnims/xbot@Happy Hand Gesture.fbx
  artifactKey: Guid(67efed82b01681c40a70f25b3decd550) Importer(815301076,1909f56bfc062723c751e8b465ee728b)
Start importing Assets/HumanoidAnims/xbot@Happy Hand Gesture.fbx using Guid(67efed82b01681c40a70f25b3decd550) Importer(815301076,1909f56bfc062723c751e8b465ee728b)  -> (artifact id: '18f509bb565ceee72ca3c975b5300404') in 0.025780 seconds 
  Import took 0.042662 seconds .

========================================================================
Received Import Request.
  Time since last request: 3.164782 seconds.
  path: Assets/HumanoidAnims/Happy Hand Gesture.anim
  artifactKey: Guid(ea187aefdae919e4d8fbebe88a46804a) Importer(815301076,1909f56bfc062723c751e8b465ee728b)
Start importing Assets/HumanoidAnims/Happy Hand Gesture.anim using Guid(ea187aefdae919e4d8fbebe88a46804a) Importer(815301076,1909f56bfc062723c751e8b465ee728b)  -> (artifact id: '97467f0ef3582b708c552acd0150a587') in 0.056264 seconds 
  Import took 0.070748 seconds .

========================================================================
Received Prepare
Registering precompiled user dll's ...
Registered in 0.260563 seconds.
Begin MonoManager ReloadAssembly
Native extension for WindowsStandalone target not found
Refreshing native plugins compatible for Editor in 6.52 ms, found 3 plugins.
Preloading 0 native plugins for Editor in 0.00 ms.
Mono: successfully reloaded assembly
- Completed reload, in 37.384 seconds
Domain Reload Profiling:
	ReloadAssembly (37488ms)
		BeginReloadAssembly (13480ms)
			ExecutionOrderSort (0ms)
			DisableScriptedObjects (1737ms)
			BackupInstance (0ms)
			ReleaseScriptingObjects (13ms)
			CreateAndSetChildDomain (8977ms)
		EndReloadAssembly (22487ms)
			LoadAssemblies (5480ms)
			RebuildTransferFunctionScriptingTraits (0ms)
			SetupTypeCache (4265ms)
			ReleaseScriptCaches (4ms)
			RebuildScriptCaches (484ms)
			SetupLoadedEditorAssemblies (10561ms)
				LogAssemblyErrors (0ms)
				InitializePlatformSupportModulesInManaged (158ms)
				SetLoadedEditorAssemblies (2ms)
				RefreshPlugins (13ms)
				BeforeProcessingInitializeOnLoad (3175ms)
				ProcessInitializeOnLoadAttributes (7049ms)
				ProcessInitializeOnLoadMethodAttributes (77ms)
				AfterProcessingInitializeOnLoad (76ms)
				EditorAssembliesLoaded (10ms)
			ExecutionOrderSort2 (0ms)
			AwakeInstancesAfterBackupRestoration (136ms)
Platform modules already initialized, skipping
Refreshing native plugins compatible for Editor in 0.72 ms, found 3 plugins.
Preloading 0 native plugins for Editor in 0.00 ms.
Unloading 2069 Unused Serialized files (Serialized files now loaded: 0)
System memory in use before: 112.2 MB.
System memory in use after: 112.3 MB.

Unloading 17 unused Assets to reduce memory usage. Loaded Objects now: 2587.
Total: 195.652400 ms (FindLiveObjects: 28.582500 ms CreateObjectMapping: 2.021800 ms MarkObjects: 162.240500 ms  DeleteObjects: 2.787700 ms)

AssetImportParameters requested are different than current active one (requested -> active):
  custom:framework-win-MediaFoundation: 216162199b28c13a410421893ffa2e32 -> 
  custom:video-decoder-ogg-theora: a1e56fd34408186e4bbccfd4996cb3dc -> 
  custom:container-muxer-webm: aa71ff27fc2769a1b78a27578f13a17b -> 
  custom:container-demuxer-webm: 4f35f7cbe854078d1ac9338744f61a02 -> 
  custom:container-demuxer-ogg: 62fdf1f143b41e24485cea50d1cbac27 -> 
  custom:video-encoder-webm-vp8: eb34c28f22e8b96e1ab97ce403110664 -> 
  custom:video-decoder-webm-vp8: 9c59270c3fd7afecdb556c50c9e8de78 -> 
  custom:audio-decoder-ogg-vorbis: bf7c407c2cedff20999df2af8eb42d56 -> 
  custom:audio-encoder-webm-vorbis: bf7c407c2cedff20999df2af8eb42d56 -> 
========================================================================
Received Prepare
Registering precompiled user dll's ...
Registered in 0.140768 seconds.
Begin MonoManager ReloadAssembly
Native extension for WindowsStandalone target not found
Refreshing native plugins compatible for Editor in 1.61 ms, found 3 plugins.
Preloading 0 native plugins for Editor in 0.00 ms.
Mono: successfully reloaded assembly
- Completed reload, in  7.869 seconds
Domain Reload Profiling:
	ReloadAssembly (7897ms)
		BeginReloadAssembly (1904ms)
			ExecutionOrderSort (0ms)
			DisableScriptedObjects (263ms)
			BackupInstance (0ms)
			ReleaseScriptingObjects (6ms)
			CreateAndSetChildDomain (872ms)
		EndReloadAssembly (5805ms)
			LoadAssemblies (1879ms)
			RebuildTransferFunctionScriptingTraits (0ms)
			SetupTypeCache (1349ms)
			ReleaseScriptCaches (3ms)
			RebuildScriptCaches (81ms)
			SetupLoadedEditorAssemblies (2418ms)
				LogAssemblyErrors (0ms)
				InitializePlatformSupportModulesInManaged (21ms)
				SetLoadedEditorAssemblies (1ms)
				RefreshPlugins (2ms)
				BeforeProcessingInitializeOnLoad (197ms)
				ProcessInitializeOnLoadAttributes (2167ms)
				ProcessInitializeOnLoadMethodAttributes (13ms)
				AfterProcessingInitializeOnLoad (16ms)
				EditorAssembliesLoaded (1ms)
			ExecutionOrderSort2 (0ms)
			AwakeInstancesAfterBackupRestoration (23ms)
Platform modules already initialized, skipping
Refreshing native plugins compatible for Editor in 0.64 ms, found 3 plugins.
Preloading 0 native plugins for Editor in 0.00 ms.
Unloading 2069 Unused Serialized files (Serialized files now loaded: 0)
System memory in use before: 112.2 MB.
System memory in use after: 112.3 MB.

Unloading 17 unused Assets to reduce memory usage. Loaded Objects now: 2589.
Total: 35.336000 ms (FindLiveObjects: 2.469600 ms CreateObjectMapping: 0.362000 ms MarkObjects: 30.864200 ms  DeleteObjects: 1.637100 ms)

AssetImportParameters requested are different than current active one (requested -> active):
  custom:framework-win-MediaFoundation: 216162199b28c13a410421893ffa2e32 -> 
  custom:video-decoder-ogg-theora: a1e56fd34408186e4bbccfd4996cb3dc -> 
  custom:container-muxer-webm: aa71ff27fc2769a1b78a27578f13a17b -> 
  custom:container-demuxer-webm: 4f35f7cbe854078d1ac9338744f61a02 -> 
  custom:container-demuxer-ogg: 62fdf1f143b41e24485cea50d1cbac27 -> 
  custom:video-encoder-webm-vp8: eb34c28f22e8b96e1ab97ce403110664 -> 
  custom:video-decoder-webm-vp8: 9c59270c3fd7afecdb556c50c9e8de78 -> 
  custom:audio-decoder-ogg-vorbis: bf7c407c2cedff20999df2af8eb42d56 -> 
  custom:audio-encoder-webm-vorbis: bf7c407c2cedff20999df2af8eb42d56 -> 
========================================================================
Received Import Request.
  Time since last request: 1166.522280 seconds.
  path: Assets/HumanoidAnims/xbot@Dismissing Gesture.fbx
  artifactKey: Guid(85dbe21b2dcb69e4292c6ee0e96d8df8) Importer(815301076,1909f56bfc062723c751e8b465ee728b)
Start importing Assets/HumanoidAnims/xbot@Dismissing Gesture.fbx using Guid(85dbe21b2dcb69e4292c6ee0e96d8df8) Importer(815301076,1909f56bfc062723c751e8b465ee728b)  -> (artifact id: '2ec6a7c3dcee84cf5c553661cb43f902') in 0.145537 seconds 
  Import took 0.169798 seconds .

========================================================================
Received Import Request.
  Time since last request: 12.148327 seconds.
  path: Assets/HumanoidAnims/xbot@Angry Gesture.fbx
  artifactKey: Guid(ff5423feec52d044db24149d7dba8f20) Importer(815301076,1909f56bfc062723c751e8b465ee728b)
Start importing Assets/HumanoidAnims/xbot@Angry Gesture.fbx using Guid(ff5423feec52d044db24149d7dba8f20) Importer(815301076,1909f56bfc062723c751e8b465ee728b)  -> (artifact id: 'e37b1f1164e86cccd69786caa03d9dde') in 0.054946 seconds 
  Import took 0.070984 seconds .

========================================================================
Received Import Request.
  Time since last request: 0.003167 seconds.
  path: Assets/HumanoidAnims/xbot@Angry Gesture.fbx
  artifactKey: Guid(ff5423feec52d044db24149d7dba8f20) Importer(815301076,1909f56bfc062723c751e8b465ee728b)
Start importing Assets/HumanoidAnims/xbot@Angry Gesture.fbx using Guid(ff5423feec52d044db24149d7dba8f20) Importer(815301076,1909f56bfc062723c751e8b465ee728b)  -> (artifact id: 'e37b1f1164e86cccd69786caa03d9dde') in 0.026774 seconds 
  Import took 0.034769 seconds .

========================================================================
Received Import Request.
  Time since last request: 28.459832 seconds.
  path: Assets/HumanoidAnims/xbot@Angry Gesture.fbx
  artifactKey: Guid(ff5423feec52d044db24149d7dba8f20) Importer(815301076,1909f56bfc062723c751e8b465ee728b)
Start importing Assets/HumanoidAnims/xbot@Angry Gesture.fbx using Guid(ff5423feec52d044db24149d7dba8f20) Importer(815301076,1909f56bfc062723c751e8b465ee728b)  -> (artifact id: '7defd864cc05f7b2c7662d8ad7141597') in 0.025087 seconds 
  Import took 0.049199 seconds .

========================================================================
Received Import Request.
  Time since last request: 10.642880 seconds.
  path: Assets/HumanoidAnims/Angry Gesture.anim
  artifactKey: Guid(fa34bd9b1024b1c43b0bd26956f9a0e8) Importer(815301076,1909f56bfc062723c751e8b465ee728b)
Start importing Assets/HumanoidAnims/Angry Gesture.anim using Guid(fa34bd9b1024b1c43b0bd26956f9a0e8) Importer(815301076,1909f56bfc062723c751e8b465ee728b)  -> (artifact id: '8485f72aa13acbec0d141ab7677bd44b') in 0.089187 seconds 
  Import took 0.117377 seconds .

========================================================================
Received Import Request.
  Time since last request: 17.831931 seconds.
  path: Assets/HumanoidAnims/xbot@Dismissing Gesture.fbx
  artifactKey: Guid(85dbe21b2dcb69e4292c6ee0e96d8df8) Importer(815301076,1909f56bfc062723c751e8b465ee728b)
Start importing Assets/HumanoidAnims/xbot@Dismissing Gesture.fbx using Guid(85dbe21b2dcb69e4292c6ee0e96d8df8) Importer(815301076,1909f56bfc062723c751e8b465ee728b)  -> (artifact id: '8203228107fa5dac9acc3c7978e594ba') in 0.017046 seconds 
  Import took 0.042464 seconds .

========================================================================
Received Import Request.
  Time since last request: 4.479069 seconds.
  path: Assets/HumanoidAnims/Dismissing Gesture.anim
  artifactKey: Guid(ddc0bb3e98deb454d896fff456979102) Importer(815301076,1909f56bfc062723c751e8b465ee728b)
Start importing Assets/HumanoidAnims/Dismissing Gesture.anim using Guid(ddc0bb3e98deb454d896fff456979102) Importer(815301076,1909f56bfc062723c751e8b465ee728b)  -> (artifact id: 'c9df8f7e6c288da606f896b24d768eef') in 0.059945 seconds 
  Import took 0.077750 seconds .

========================================================================
Received Prepare
Registering precompiled user dll's ...
Registered in 0.225634 seconds.
Begin MonoManager ReloadAssembly
Native extension for WindowsStandalone target not found
Refreshing native plugins compatible for Editor in 0.73 ms, found 3 plugins.
Preloading 0 native plugins for Editor in 0.00 ms.
Mono: successfully reloaded assembly
- Completed reload, in  6.883 seconds
Domain Reload Profiling:
	ReloadAssembly (6937ms)
		BeginReloadAssembly (3216ms)
			ExecutionOrderSort (0ms)
			DisableScriptedObjects (485ms)
			BackupInstance (0ms)
			ReleaseScriptingObjects (7ms)
			CreateAndSetChildDomain (2024ms)
		EndReloadAssembly (3479ms)
			LoadAssemblies (1565ms)
			RebuildTransferFunctionScriptingTraits (1ms)
			SetupTypeCache (593ms)
			ReleaseScriptCaches (5ms)
			RebuildScriptCaches (70ms)
			SetupLoadedEditorAssemblies (1090ms)
				LogAssemblyErrors (0ms)
				InitializePlatformSupportModulesInManaged (22ms)
				SetLoadedEditorAssemblies (2ms)
				RefreshPlugins (1ms)
				BeforeProcessingInitializeOnLoad (162ms)
				ProcessInitializeOnLoadAttributes (885ms)
				ProcessInitializeOnLoadMethodAttributes (6ms)
				AfterProcessingInitializeOnLoad (11ms)
				EditorAssembliesLoaded (0ms)
			ExecutionOrderSort2 (0ms)
			AwakeInstancesAfterBackupRestoration (17ms)
Platform modules already initialized, skipping
Refreshing native plugins compatible for Editor in 0.59 ms, found 3 plugins.
Preloading 0 native plugins for Editor in 0.00 ms.
Unloading 2069 Unused Serialized files (Serialized files now loaded: 0)
System memory in use before: 112.2 MB.
System memory in use after: 112.3 MB.

Unloading 17 unused Assets to reduce memory usage. Loaded Objects now: 2591.
Total: 40.675900 ms (FindLiveObjects: 2.446700 ms CreateObjectMapping: 0.610800 ms MarkObjects: 35.163700 ms  DeleteObjects: 2.450700 ms)

AssetImportParameters requested are different than current active one (requested -> active):
  custom:framework-win-MediaFoundation: 216162199b28c13a410421893ffa2e32 -> 
  custom:video-decoder-ogg-theora: a1e56fd34408186e4bbccfd4996cb3dc -> 
  custom:container-muxer-webm: aa71ff27fc2769a1b78a27578f13a17b -> 
  custom:container-demuxer-webm: 4f35f7cbe854078d1ac9338744f61a02 -> 
  custom:container-demuxer-ogg: 62fdf1f143b41e24485cea50d1cbac27 -> 
  custom:video-encoder-webm-vp8: eb34c28f22e8b96e1ab97ce403110664 -> 
  custom:video-decoder-webm-vp8: 9c59270c3fd7afecdb556c50c9e8de78 -> 
  custom:audio-decoder-ogg-vorbis: bf7c407c2cedff20999df2af8eb42d56 -> 
  custom:audio-encoder-webm-vorbis: bf7c407c2cedff20999df2af8eb42d56 -> 
========================================================================
Received Prepare
Registering precompiled user dll's ...
Registered in 0.076534 seconds.
Begin MonoManager ReloadAssembly
Native extension for WindowsStandalone target not found
Refreshing native plugins compatible for Editor in 0.68 ms, found 3 plugins.
Preloading 0 native plugins for Editor in 0.00 ms.
Mono: successfully reloaded assembly
- Completed reload, in  2.419 seconds
Domain Reload Profiling:
	ReloadAssembly (2432ms)
		BeginReloadAssembly (421ms)
			ExecutionOrderSort (0ms)
			DisableScriptedObjects (55ms)
			BackupInstance (0ms)
			ReleaseScriptingObjects (5ms)
			CreateAndSetChildDomain (120ms)
		EndReloadAssembly (1871ms)
			LoadAssemblies (305ms)
			RebuildTransferFunctionScriptingTraits (0ms)
			SetupTypeCache (450ms)
			ReleaseScriptCaches (1ms)
			RebuildScriptCaches (62ms)
			SetupLoadedEditorAssemblies (938ms)
				LogAssemblyErrors (0ms)
				InitializePlatformSupportModulesInManaged (24ms)
				SetLoadedEditorAssemblies (2ms)
				RefreshPlugins (1ms)
				BeforeProcessingInitializeOnLoad (145ms)
				ProcessInitializeOnLoadAttributes (751ms)
				ProcessInitializeOnLoadMethodAttributes (6ms)
				AfterProcessingInitializeOnLoad (9ms)
				EditorAssembliesLoaded (1ms)
			ExecutionOrderSort2 (0ms)
			AwakeInstancesAfterBackupRestoration (14ms)
Platform modules already initialized, skipping
Refreshing native plugins compatible for Editor in 0.78 ms, found 3 plugins.
Preloading 0 native plugins for Editor in 0.00 ms.
Unloading 2069 Unused Serialized files (Serialized files now loaded: 0)
System memory in use before: 112.2 MB.
System memory in use after: 112.3 MB.

Unloading 17 unused Assets to reduce memory usage. Loaded Objects now: 2593.
Total: 33.540300 ms (FindLiveObjects: 4.013100 ms CreateObjectMapping: 0.380300 ms MarkObjects: 28.194700 ms  DeleteObjects: 0.949300 ms)

AssetImportParameters requested are different than current active one (requested -> active):
  custom:framework-win-MediaFoundation: 216162199b28c13a410421893ffa2e32 -> 
  custom:video-decoder-ogg-theora: a1e56fd34408186e4bbccfd4996cb3dc -> 
  custom:container-muxer-webm: aa71ff27fc2769a1b78a27578f13a17b -> 
  custom:container-demuxer-webm: 4f35f7cbe854078d1ac9338744f61a02 -> 
  custom:container-demuxer-ogg: 62fdf1f143b41e24485cea50d1cbac27 -> 
  custom:video-encoder-webm-vp8: eb34c28f22e8b96e1ab97ce403110664 -> 
  custom:video-decoder-webm-vp8: 9c59270c3fd7afecdb556c50c9e8de78 -> 
  custom:audio-decoder-ogg-vorbis: bf7c407c2cedff20999df2af8eb42d56 -> 
  custom:audio-encoder-webm-vorbis: bf7c407c2cedff20999df2af8eb42d56 -> 
========================================================================
Received Prepare
Registering precompiled user dll's ...
Registered in 0.149664 seconds.
Begin MonoManager ReloadAssembly
Native extension for WindowsStandalone target not found
Refreshing native plugins compatible for Editor in 0.72 ms, found 3 plugins.
Preloading 0 native plugins for Editor in 0.00 ms.
Mono: successfully reloaded assembly
- Completed reload, in  5.676 seconds
Domain Reload Profiling:
	ReloadAssembly (5711ms)
		BeginReloadAssembly (1935ms)
			ExecutionOrderSort (0ms)
			DisableScriptedObjects (223ms)
			BackupInstance (0ms)
			ReleaseScriptingObjects (8ms)
			CreateAndSetChildDomain (1125ms)
		EndReloadAssembly (3502ms)
			LoadAssemblies (1529ms)
			RebuildTransferFunctionScriptingTraits (0ms)
			SetupTypeCache (598ms)
			ReleaseScriptCaches (2ms)
			RebuildScriptCaches (65ms)
			SetupLoadedEditorAssemblies (1107ms)
				LogAssemblyErrors (0ms)
				InitializePlatformSupportModulesInManaged (22ms)
				SetLoadedEditorAssemblies (1ms)
				RefreshPlugins (1ms)
				BeforeProcessingInitializeOnLoad (154ms)
				ProcessInitializeOnLoadAttributes (914ms)
				ProcessInitializeOnLoadMethodAttributes (6ms)
				AfterProcessingInitializeOnLoad (9ms)
				EditorAssembliesLoaded (1ms)
			ExecutionOrderSort2 (0ms)
			AwakeInstancesAfterBackupRestoration (15ms)
Platform modules already initialized, skipping
Refreshing native plugins compatible for Editor in 0.63 ms, found 3 plugins.
Preloading 0 native plugins for Editor in 0.00 ms.
Unloading 2069 Unused Serialized files (Serialized files now loaded: 0)
System memory in use before: 112.2 MB.
System memory in use after: 112.3 MB.

Unloading 17 unused Assets to reduce memory usage. Loaded Objects now: 2595.
Total: 53.675100 ms (FindLiveObjects: 5.158900 ms CreateObjectMapping: 0.352700 ms MarkObjects: 47.074000 ms  DeleteObjects: 1.085600 ms)

AssetImportParameters requested are different than current active one (requested -> active):
  custom:framework-win-MediaFoundation: 216162199b28c13a410421893ffa2e32 -> 
  custom:video-decoder-ogg-theora: a1e56fd34408186e4bbccfd4996cb3dc -> 
  custom:container-muxer-webm: aa71ff27fc2769a1b78a27578f13a17b -> 
  custom:container-demuxer-webm: 4f35f7cbe854078d1ac9338744f61a02 -> 
  custom:container-demuxer-ogg: 62fdf1f143b41e24485cea50d1cbac27 -> 
  custom:video-encoder-webm-vp8: eb34c28f22e8b96e1ab97ce403110664 -> 
  custom:video-decoder-webm-vp8: 9c59270c3fd7afecdb556c50c9e8de78 -> 
  custom:audio-decoder-ogg-vorbis: bf7c407c2cedff20999df2af8eb42d56 -> 
  custom:audio-encoder-webm-vorbis: bf7c407c2cedff20999df2af8eb42d56 -> 
========================================================================
Received Prepare
Registering precompiled user dll's ...
Registered in 0.091670 seconds.
Begin MonoManager ReloadAssembly
Native extension for WindowsStandalone target not found
Refreshing native plugins compatible for Editor in 0.61 ms, found 3 plugins.
Preloading 0 native plugins for Editor in 0.00 ms.
Mono: successfully reloaded assembly
- Completed reload, in  1.752 seconds
Domain Reload Profiling:
	ReloadAssembly (1753ms)
		BeginReloadAssembly (197ms)
			ExecutionOrderSort (0ms)
			DisableScriptedObjects (9ms)
			BackupInstance (0ms)
			ReleaseScriptingObjects (0ms)
			CreateAndSetChildDomain (63ms)
		EndReloadAssembly (1467ms)
			LoadAssemblies (136ms)
			RebuildTransferFunctionScriptingTraits (0ms)
			SetupTypeCache (413ms)
			ReleaseScriptCaches (1ms)
			RebuildScriptCaches (57ms)
			SetupLoadedEditorAssemblies (725ms)
				LogAssemblyErrors (0ms)
				InitializePlatformSupportModulesInManaged (7ms)
				SetLoadedEditorAssemblies (1ms)
				RefreshPlugins (1ms)
				BeforeProcessingInitializeOnLoad (128ms)
				ProcessInitializeOnLoadAttributes (573ms)
				ProcessInitializeOnLoadMethodAttributes (6ms)
				AfterProcessingInitializeOnLoad (9ms)
				EditorAssembliesLoaded (0ms)
			ExecutionOrderSort2 (0ms)
			AwakeInstancesAfterBackupRestoration (10ms)
Platform modules already initialized, skipping
Refreshing native plugins compatible for Editor in 0.69 ms, found 3 plugins.
Preloading 0 native plugins for Editor in 0.00 ms.
Unloading 2069 Unused Serialized files (Serialized files now loaded: 0)
System memory in use before: 112.2 MB.
System memory in use after: 112.3 MB.

Unloading 17 unused Assets to reduce memory usage. Loaded Objects now: 2597.
Total: 7.750400 ms (FindLiveObjects: 0.375800 ms CreateObjectMapping: 0.228200 ms MarkObjects: 7.066700 ms  DeleteObjects: 0.075600 ms)

AssetImportParameters requested are different than current active one (requested -> active):
  custom:framework-win-MediaFoundation: 216162199b28c13a410421893ffa2e32 -> 
  custom:video-decoder-ogg-theora: a1e56fd34408186e4bbccfd4996cb3dc -> 
  custom:container-muxer-webm: aa71ff27fc2769a1b78a27578f13a17b -> 
  custom:container-demuxer-webm: 4f35f7cbe854078d1ac9338744f61a02 -> 
  custom:container-demuxer-ogg: 62fdf1f143b41e24485cea50d1cbac27 -> 
  custom:video-encoder-webm-vp8: eb34c28f22e8b96e1ab97ce403110664 -> 
  custom:video-decoder-webm-vp8: 9c59270c3fd7afecdb556c50c9e8de78 -> 
  custom:audio-decoder-ogg-vorbis: bf7c407c2cedff20999df2af8eb42d56 -> 
  custom:audio-encoder-webm-vorbis: bf7c407c2cedff20999df2af8eb42d56 -> 
========================================================================
Received Prepare
Registering precompiled user dll's ...
Registered in 0.156534 seconds.
Begin MonoManager ReloadAssembly
Native extension for WindowsStandalone target not found
Refreshing native plugins compatible for Editor in 1.01 ms, found 3 plugins.
Preloading 0 native plugins for Editor in 0.00 ms.
Mono: successfully reloaded assembly
- Completed reload, in  8.129 seconds
Domain Reload Profiling:
	ReloadAssembly (8167ms)
		BeginReloadAssembly (1651ms)
			ExecutionOrderSort (0ms)
			DisableScriptedObjects (243ms)
			BackupInstance (0ms)
			ReleaseScriptingObjects (6ms)
			CreateAndSetChildDomain (731ms)
		EndReloadAssembly (6180ms)
			LoadAssemblies (1751ms)
			RebuildTransferFunctionScriptingTraits (2ms)
			SetupTypeCache (1342ms)
			ReleaseScriptCaches (3ms)
			RebuildScriptCaches (186ms)
			SetupLoadedEditorAssemblies (2521ms)
				LogAssemblyErrors (0ms)
				InitializePlatformSupportModulesInManaged (36ms)
				SetLoadedEditorAssemblies (4ms)
				RefreshPlugins (1ms)
				BeforeProcessingInitializeOnLoad (358ms)
				ProcessInitializeOnLoadAttributes (2082ms)
				ProcessInitializeOnLoadMethodAttributes (14ms)
				AfterProcessingInitializeOnLoad (26ms)
				EditorAssembliesLoaded (1ms)
			ExecutionOrderSort2 (0ms)
			AwakeInstancesAfterBackupRestoration (30ms)
Platform modules already initialized, skipping
Refreshing native plugins compatible for Editor in 0.69 ms, found 3 plugins.
Preloading 0 native plugins for Editor in 0.00 ms.
Unloading 2069 Unused Serialized files (Serialized files now loaded: 0)
System memory in use before: 112.2 MB.
System memory in use after: 112.3 MB.

Unloading 17 unused Assets to reduce memory usage. Loaded Objects now: 2599.
Total: 33.235400 ms (FindLiveObjects: 4.499200 ms CreateObjectMapping: 0.392400 ms MarkObjects: 27.458400 ms  DeleteObjects: 0.882700 ms)

AssetImportParameters requested are different than current active one (requested -> active):
  custom:framework-win-MediaFoundation: 216162199b28c13a410421893ffa2e32 -> 
  custom:video-decoder-ogg-theora: a1e56fd34408186e4bbccfd4996cb3dc -> 
  custom:container-muxer-webm: aa71ff27fc2769a1b78a27578f13a17b -> 
  custom:container-demuxer-webm: 4f35f7cbe854078d1ac9338744f61a02 -> 
  custom:container-demuxer-ogg: 62fdf1f143b41e24485cea50d1cbac27 -> 
  custom:video-encoder-webm-vp8: eb34c28f22e8b96e1ab97ce403110664 -> 
  custom:video-decoder-webm-vp8: 9c59270c3fd7afecdb556c50c9e8de78 -> 
  custom:audio-decoder-ogg-vorbis: bf7c407c2cedff20999df2af8eb42d56 -> 
  custom:audio-encoder-webm-vorbis: bf7c407c2cedff20999df2af8eb42d56 -> 
========================================================================
Received Prepare
Registering precompiled user dll's ...
Registered in 0.115690 seconds.
Begin MonoManager ReloadAssembly
Native extension for WindowsStandalone target not found
Refreshing native plugins compatible for Editor in 0.75 ms, found 3 plugins.
Preloading 0 native plugins for Editor in 0.00 ms.
Mono: successfully reloaded assembly
- Completed reload, in  5.516 seconds
Domain Reload Profiling:
	ReloadAssembly (5554ms)
		BeginReloadAssembly (1305ms)
			ExecutionOrderSort (0ms)
			DisableScriptedObjects (236ms)
			BackupInstance (0ms)
			ReleaseScriptingObjects (7ms)
			CreateAndSetChildDomain (599ms)
		EndReloadAssembly (3520ms)
			LoadAssemblies (1523ms)
			RebuildTransferFunctionScriptingTraits (0ms)
			SetupTypeCache (566ms)
			ReleaseScriptCaches (3ms)
			RebuildScriptCaches (63ms)
			SetupLoadedEditorAssemblies (1157ms)
				LogAssemblyErrors (0ms)
				InitializePlatformSupportModulesInManaged (24ms)
				SetLoadedEditorAssemblies (2ms)
				RefreshPlugins (1ms)
				BeforeProcessingInitializeOnLoad (153ms)
				ProcessInitializeOnLoadAttributes (961ms)
				ProcessInitializeOnLoadMethodAttributes (6ms)
				AfterProcessingInitializeOnLoad (10ms)
				EditorAssembliesLoaded (0ms)
			ExecutionOrderSort2 (0ms)
			AwakeInstancesAfterBackupRestoration (19ms)
Platform modules already initialized, skipping
Refreshing native plugins compatible for Editor in 0.65 ms, found 3 plugins.
Preloading 0 native plugins for Editor in 0.00 ms.
Unloading 2069 Unused Serialized files (Serialized files now loaded: 0)
System memory in use before: 112.2 MB.
System memory in use after: 112.3 MB.

Unloading 17 unused Assets to reduce memory usage. Loaded Objects now: 2601.
Total: 36.280900 ms (FindLiveObjects: 3.155500 ms CreateObjectMapping: 0.329300 ms MarkObjects: 31.644700 ms  DeleteObjects: 1.147600 ms)

AssetImportParameters requested are different than current active one (requested -> active):
  custom:framework-win-MediaFoundation: 216162199b28c13a410421893ffa2e32 -> 
  custom:video-decoder-ogg-theora: a1e56fd34408186e4bbccfd4996cb3dc -> 
  custom:container-muxer-webm: aa71ff27fc2769a1b78a27578f13a17b -> 
  custom:container-demuxer-webm: 4f35f7cbe854078d1ac9338744f61a02 -> 
  custom:container-demuxer-ogg: 62fdf1f143b41e24485cea50d1cbac27 -> 
  custom:video-encoder-webm-vp8: eb34c28f22e8b96e1ab97ce403110664 -> 
  custom:video-decoder-webm-vp8: 9c59270c3fd7afecdb556c50c9e8de78 -> 
  custom:audio-decoder-ogg-vorbis: bf7c407c2cedff20999df2af8eb42d56 -> 
  custom:audio-encoder-webm-vorbis: bf7c407c2cedff20999df2af8eb42d56 -> 
========================================================================
Received Prepare
Registering precompiled user dll's ...
Registered in 0.141157 seconds.
Begin MonoManager ReloadAssembly
Native extension for WindowsStandalone target not found
Refreshing native plugins compatible for Editor in 0.88 ms, found 3 plugins.
Preloading 0 native plugins for Editor in 0.00 ms.
Mono: successfully reloaded assembly
- Completed reload, in 10.001 seconds
Domain Reload Profiling:
	ReloadAssembly (10044ms)
		BeginReloadAssembly (4441ms)
			ExecutionOrderSort (0ms)
			DisableScriptedObjects (237ms)
			BackupInstance (0ms)
			ReleaseScriptingObjects (11ms)
			CreateAndSetChildDomain (2854ms)
		EndReloadAssembly (4666ms)
			LoadAssemblies (2116ms)
			RebuildTransferFunctionScriptingTraits (1ms)
			SetupTypeCache (927ms)
			ReleaseScriptCaches (4ms)
			RebuildScriptCaches (151ms)
			SetupLoadedEditorAssemblies (1370ms)
				LogAssemblyErrors (0ms)
				InitializePlatformSupportModulesInManaged (41ms)
				SetLoadedEditorAssemblies (2ms)
				RefreshPlugins (1ms)
				BeforeProcessingInitializeOnLoad (234ms)
				ProcessInitializeOnLoadAttributes (1076ms)
				ProcessInitializeOnLoadMethodAttributes (6ms)
				AfterProcessingInitializeOnLoad (9ms)
				EditorAssembliesLoaded (0ms)
			ExecutionOrderSort2 (0ms)
			AwakeInstancesAfterBackupRestoration (28ms)
Platform modules already initialized, skipping
Refreshing native plugins compatible for Editor in 0.67 ms, found 3 plugins.
Preloading 0 native plugins for Editor in 0.00 ms.
Unloading 2069 Unused Serialized files (Serialized files now loaded: 0)
System memory in use before: 112.2 MB.
System memory in use after: 112.3 MB.

Unloading 17 unused Assets to reduce memory usage. Loaded Objects now: 2603.
Total: 25.586400 ms (FindLiveObjects: 6.976500 ms CreateObjectMapping: 0.301300 ms MarkObjects: 18.218900 ms  DeleteObjects: 0.086900 ms)

AssetImportParameters requested are different than current active one (requested -> active):
  custom:framework-win-MediaFoundation: 216162199b28c13a410421893ffa2e32 -> 
  custom:video-decoder-ogg-theora: a1e56fd34408186e4bbccfd4996cb3dc -> 
  custom:container-muxer-webm: aa71ff27fc2769a1b78a27578f13a17b -> 
  custom:container-demuxer-webm: 4f35f7cbe854078d1ac9338744f61a02 -> 
  custom:container-demuxer-ogg: 62fdf1f143b41e24485cea50d1cbac27 -> 
  custom:video-encoder-webm-vp8: eb34c28f22e8b96e1ab97ce403110664 -> 
  custom:video-decoder-webm-vp8: 9c59270c3fd7afecdb556c50c9e8de78 -> 
  custom:audio-decoder-ogg-vorbis: bf7c407c2cedff20999df2af8eb42d56 -> 
  custom:audio-encoder-webm-vorbis: bf7c407c2cedff20999df2af8eb42d56 -> 
========================================================================
Received Prepare
Registering precompiled user dll's ...
Registered in 0.070303 seconds.
Begin MonoManager ReloadAssembly
Native extension for WindowsStandalone target not found
Refreshing native plugins compatible for Editor in 0.61 ms, found 3 plugins.
Preloading 0 native plugins for Editor in 0.00 ms.
Mono: successfully reloaded assembly
- Completed reload, in  2.526 seconds
Domain Reload Profiling:
	ReloadAssembly (2527ms)
		BeginReloadAssembly (176ms)
			ExecutionOrderSort (0ms)
			DisableScriptedObjects (9ms)
			BackupInstance (0ms)
			ReleaseScriptingObjects (0ms)
			CreateAndSetChildDomain (54ms)
		EndReloadAssembly (2261ms)
			LoadAssemblies (897ms)
			RebuildTransferFunctionScriptingTraits (0ms)
			SetupTypeCache (412ms)
			ReleaseScriptCaches (1ms)
			RebuildScriptCaches (61ms)
			SetupLoadedEditorAssemblies (743ms)
				LogAssemblyErrors (0ms)
				InitializePlatformSupportModulesInManaged (8ms)
				SetLoadedEditorAssemblies (1ms)
				RefreshPlugins (1ms)
				BeforeProcessingInitializeOnLoad (126ms)
				ProcessInitializeOnLoadAttributes (592ms)
				ProcessInitializeOnLoadMethodAttributes (6ms)
				AfterProcessingInitializeOnLoad (9ms)
				EditorAssembliesLoaded (0ms)
			ExecutionOrderSort2 (0ms)
			AwakeInstancesAfterBackupRestoration (12ms)
Platform modules already initialized, skipping
Refreshing native plugins compatible for Editor in 0.68 ms, found 3 plugins.
Preloading 0 native plugins for Editor in 0.00 ms.
Unloading 2069 Unused Serialized files (Serialized files now loaded: 0)
System memory in use before: 112.2 MB.
System memory in use after: 112.3 MB.

Unloading 17 unused Assets to reduce memory usage. Loaded Objects now: 2605.
Total: 5.014200 ms (FindLiveObjects: 0.483600 ms CreateObjectMapping: 0.202400 ms MarkObjects: 4.295300 ms  DeleteObjects: 0.030700 ms)

AssetImportParameters requested are different than current active one (requested -> active):
  custom:framework-win-MediaFoundation: 216162199b28c13a410421893ffa2e32 -> 
  custom:video-decoder-ogg-theora: a1e56fd34408186e4bbccfd4996cb3dc -> 
  custom:container-muxer-webm: aa71ff27fc2769a1b78a27578f13a17b -> 
  custom:container-demuxer-webm: 4f35f7cbe854078d1ac9338744f61a02 -> 
  custom:container-demuxer-ogg: 62fdf1f143b41e24485cea50d1cbac27 -> 
  custom:video-encoder-webm-vp8: eb34c28f22e8b96e1ab97ce403110664 -> 
  custom:video-decoder-webm-vp8: 9c59270c3fd7afecdb556c50c9e8de78 -> 
  custom:audio-decoder-ogg-vorbis: bf7c407c2cedff20999df2af8eb42d56 -> 
  custom:audio-encoder-webm-vorbis: bf7c407c2cedff20999df2af8eb42d56 -> 
AssetImportWorkerClient::OnTransportError - code=2 error=End of file
